[2024-10-06T04:16:53.372+0000] {processor.py:186} INFO - Started process (PID=680) to work on /opt/airflow/dags/hello_world.py
[2024-10-06T04:16:53.372+0000] {processor.py:914} INFO - Processing file /opt/airflow/dags/hello_world.py for tasks to queue
[2024-10-06T04:16:53.374+0000] {logging_mixin.py:190} INFO - [2024-10-06T04:16:53.373+0000] {dagbag.py:588} INFO - Filling up the DagBag from /opt/airflow/dags/hello_world.py
[2024-10-06T04:16:53.376+0000] {logging_mixin.py:190} INFO - [2024-10-06T04:16:53.375+0000] {dagbag.py:387} ERROR - Failed to import: /opt/airflow/dags/hello_world.py
Traceback (most recent call last):
  File "/home/airflow/.local/lib/python3.12/site-packages/airflow/models/dagbag.py", line 383, in parse
    loader.exec_module(new_module)
  File "<frozen importlib._bootstrap_external>", line 991, in exec_module
  File "<frozen importlib._bootstrap_external>", line 1129, in get_code
  File "<frozen importlib._bootstrap_external>", line 1059, in source_to_code
  File "<frozen importlib._bootstrap>", line 488, in _call_with_frames_removed
  File "/opt/airflow/dags/hello_world.py", line 15
    task_id='print_hello_dini'
            ^^^^^^^
SyntaxError: invalid syntax. Perhaps you forgot a comma?
[2024-10-06T04:16:53.376+0000] {processor.py:927} WARNING - No viable dags retrieved from /opt/airflow/dags/hello_world.py
[2024-10-06T04:16:53.394+0000] {processor.py:208} INFO - Processing /opt/airflow/dags/hello_world.py took 0.027 seconds
[2024-10-06T04:17:23.559+0000] {processor.py:186} INFO - Started process (PID=744) to work on /opt/airflow/dags/hello_world.py
[2024-10-06T04:17:23.560+0000] {processor.py:914} INFO - Processing file /opt/airflow/dags/hello_world.py for tasks to queue
[2024-10-06T04:17:23.561+0000] {logging_mixin.py:190} INFO - [2024-10-06T04:17:23.561+0000] {dagbag.py:588} INFO - Filling up the DagBag from /opt/airflow/dags/hello_world.py
[2024-10-06T04:17:23.564+0000] {logging_mixin.py:190} INFO - [2024-10-06T04:17:23.563+0000] {dagbag.py:387} ERROR - Failed to import: /opt/airflow/dags/hello_world.py
Traceback (most recent call last):
  File "/home/airflow/.local/lib/python3.12/site-packages/airflow/models/dagbag.py", line 383, in parse
    loader.exec_module(new_module)
  File "<frozen importlib._bootstrap_external>", line 991, in exec_module
  File "<frozen importlib._bootstrap_external>", line 1129, in get_code
  File "<frozen importlib._bootstrap_external>", line 1059, in source_to_code
  File "<frozen importlib._bootstrap>", line 488, in _call_with_frames_removed
  File "/opt/airflow/dags/hello_world.py", line 15
    task_id='print_hello_dini'
            ^^^^^^^
SyntaxError: invalid syntax. Perhaps you forgot a comma?
[2024-10-06T04:17:23.564+0000] {processor.py:927} WARNING - No viable dags retrieved from /opt/airflow/dags/hello_world.py
[2024-10-06T04:17:23.583+0000] {processor.py:208} INFO - Processing /opt/airflow/dags/hello_world.py took 0.030 seconds
[2024-10-06T04:17:53.749+0000] {processor.py:186} INFO - Started process (PID=807) to work on /opt/airflow/dags/hello_world.py
[2024-10-06T04:17:53.750+0000] {processor.py:914} INFO - Processing file /opt/airflow/dags/hello_world.py for tasks to queue
[2024-10-06T04:17:53.751+0000] {logging_mixin.py:190} INFO - [2024-10-06T04:17:53.751+0000] {dagbag.py:588} INFO - Filling up the DagBag from /opt/airflow/dags/hello_world.py
[2024-10-06T04:17:53.754+0000] {logging_mixin.py:190} INFO - [2024-10-06T04:17:53.753+0000] {dagbag.py:387} ERROR - Failed to import: /opt/airflow/dags/hello_world.py
Traceback (most recent call last):
  File "/home/airflow/.local/lib/python3.12/site-packages/airflow/models/dagbag.py", line 383, in parse
    loader.exec_module(new_module)
  File "<frozen importlib._bootstrap_external>", line 991, in exec_module
  File "<frozen importlib._bootstrap_external>", line 1129, in get_code
  File "<frozen importlib._bootstrap_external>", line 1059, in source_to_code
  File "<frozen importlib._bootstrap>", line 488, in _call_with_frames_removed
  File "/opt/airflow/dags/hello_world.py", line 15
    task_id='print_hello_dini'
            ^^^^^^^
SyntaxError: invalid syntax. Perhaps you forgot a comma?
[2024-10-06T04:17:53.754+0000] {processor.py:927} WARNING - No viable dags retrieved from /opt/airflow/dags/hello_world.py
[2024-10-06T04:17:53.775+0000] {processor.py:208} INFO - Processing /opt/airflow/dags/hello_world.py took 0.030 seconds
[2024-10-06T04:18:24.244+0000] {processor.py:186} INFO - Started process (PID=870) to work on /opt/airflow/dags/hello_world.py
[2024-10-06T04:18:24.245+0000] {processor.py:914} INFO - Processing file /opt/airflow/dags/hello_world.py for tasks to queue
[2024-10-06T04:18:24.246+0000] {logging_mixin.py:190} INFO - [2024-10-06T04:18:24.246+0000] {dagbag.py:588} INFO - Filling up the DagBag from /opt/airflow/dags/hello_world.py
[2024-10-06T04:18:24.248+0000] {logging_mixin.py:190} INFO - [2024-10-06T04:18:24.248+0000] {dagbag.py:387} ERROR - Failed to import: /opt/airflow/dags/hello_world.py
Traceback (most recent call last):
  File "/home/airflow/.local/lib/python3.12/site-packages/airflow/models/dagbag.py", line 383, in parse
    loader.exec_module(new_module)
  File "<frozen importlib._bootstrap_external>", line 991, in exec_module
  File "<frozen importlib._bootstrap_external>", line 1129, in get_code
  File "<frozen importlib._bootstrap_external>", line 1059, in source_to_code
  File "<frozen importlib._bootstrap>", line 488, in _call_with_frames_removed
  File "/opt/airflow/dags/hello_world.py", line 15
    task_id='print_hello_dini'
            ^^^^^^^
SyntaxError: invalid syntax. Perhaps you forgot a comma?
[2024-10-06T04:18:24.249+0000] {processor.py:927} WARNING - No viable dags retrieved from /opt/airflow/dags/hello_world.py
[2024-10-06T04:18:24.272+0000] {processor.py:208} INFO - Processing /opt/airflow/dags/hello_world.py took 0.032 seconds
[2024-10-06T04:18:54.405+0000] {processor.py:186} INFO - Started process (PID=939) to work on /opt/airflow/dags/hello_world.py
[2024-10-06T04:18:54.405+0000] {processor.py:914} INFO - Processing file /opt/airflow/dags/hello_world.py for tasks to queue
[2024-10-06T04:18:54.408+0000] {logging_mixin.py:190} INFO - [2024-10-06T04:18:54.407+0000] {dagbag.py:588} INFO - Filling up the DagBag from /opt/airflow/dags/hello_world.py
[2024-10-06T04:18:54.412+0000] {logging_mixin.py:190} INFO - [2024-10-06T04:18:54.411+0000] {dagbag.py:387} ERROR - Failed to import: /opt/airflow/dags/hello_world.py
Traceback (most recent call last):
  File "/home/airflow/.local/lib/python3.12/site-packages/airflow/models/dagbag.py", line 383, in parse
    loader.exec_module(new_module)
  File "<frozen importlib._bootstrap_external>", line 991, in exec_module
  File "<frozen importlib._bootstrap_external>", line 1129, in get_code
  File "<frozen importlib._bootstrap_external>", line 1059, in source_to_code
  File "<frozen importlib._bootstrap>", line 488, in _call_with_frames_removed
  File "/opt/airflow/dags/hello_world.py", line 15
    task_id='print_hello_dini'
            ^^^^^^^
SyntaxError: invalid syntax. Perhaps you forgot a comma?
[2024-10-06T04:18:54.412+0000] {processor.py:927} WARNING - No viable dags retrieved from /opt/airflow/dags/hello_world.py
[2024-10-06T04:18:54.442+0000] {processor.py:208} INFO - Processing /opt/airflow/dags/hello_world.py took 0.044 seconds
[2024-10-06T04:19:24.594+0000] {processor.py:186} INFO - Started process (PID=1002) to work on /opt/airflow/dags/hello_world.py
[2024-10-06T04:19:24.595+0000] {processor.py:914} INFO - Processing file /opt/airflow/dags/hello_world.py for tasks to queue
[2024-10-06T04:19:24.597+0000] {logging_mixin.py:190} INFO - [2024-10-06T04:19:24.596+0000] {dagbag.py:588} INFO - Filling up the DagBag from /opt/airflow/dags/hello_world.py
[2024-10-06T04:19:24.599+0000] {logging_mixin.py:190} INFO - [2024-10-06T04:19:24.598+0000] {dagbag.py:387} ERROR - Failed to import: /opt/airflow/dags/hello_world.py
Traceback (most recent call last):
  File "/home/airflow/.local/lib/python3.12/site-packages/airflow/models/dagbag.py", line 383, in parse
    loader.exec_module(new_module)
  File "<frozen importlib._bootstrap_external>", line 991, in exec_module
  File "<frozen importlib._bootstrap_external>", line 1129, in get_code
  File "<frozen importlib._bootstrap_external>", line 1059, in source_to_code
  File "<frozen importlib._bootstrap>", line 488, in _call_with_frames_removed
  File "/opt/airflow/dags/hello_world.py", line 15
    task_id='print_hello_dini'
            ^^^^^^^
SyntaxError: invalid syntax. Perhaps you forgot a comma?
[2024-10-06T04:19:24.600+0000] {processor.py:927} WARNING - No viable dags retrieved from /opt/airflow/dags/hello_world.py
[2024-10-06T04:19:24.625+0000] {processor.py:208} INFO - Processing /opt/airflow/dags/hello_world.py took 0.036 seconds
[2024-10-06T04:19:54.847+0000] {processor.py:186} INFO - Started process (PID=1065) to work on /opt/airflow/dags/hello_world.py
[2024-10-06T04:19:54.847+0000] {processor.py:914} INFO - Processing file /opt/airflow/dags/hello_world.py for tasks to queue
[2024-10-06T04:19:54.849+0000] {logging_mixin.py:190} INFO - [2024-10-06T04:19:54.849+0000] {dagbag.py:588} INFO - Filling up the DagBag from /opt/airflow/dags/hello_world.py
[2024-10-06T04:19:54.851+0000] {logging_mixin.py:190} INFO - [2024-10-06T04:19:54.850+0000] {dagbag.py:387} ERROR - Failed to import: /opt/airflow/dags/hello_world.py
Traceback (most recent call last):
  File "/home/airflow/.local/lib/python3.12/site-packages/airflow/models/dagbag.py", line 383, in parse
    loader.exec_module(new_module)
  File "<frozen importlib._bootstrap_external>", line 991, in exec_module
  File "<frozen importlib._bootstrap_external>", line 1129, in get_code
  File "<frozen importlib._bootstrap_external>", line 1059, in source_to_code
  File "<frozen importlib._bootstrap>", line 488, in _call_with_frames_removed
  File "/opt/airflow/dags/hello_world.py", line 15
    task_id='print_hello_dini'
            ^^^^^^^
SyntaxError: invalid syntax. Perhaps you forgot a comma?
[2024-10-06T04:19:54.852+0000] {processor.py:927} WARNING - No viable dags retrieved from /opt/airflow/dags/hello_world.py
[2024-10-06T04:19:54.870+0000] {processor.py:208} INFO - Processing /opt/airflow/dags/hello_world.py took 0.028 seconds
[2024-10-06T04:20:25.113+0000] {processor.py:186} INFO - Started process (PID=1129) to work on /opt/airflow/dags/hello_world.py
[2024-10-06T04:20:25.114+0000] {processor.py:914} INFO - Processing file /opt/airflow/dags/hello_world.py for tasks to queue
[2024-10-06T04:20:25.116+0000] {logging_mixin.py:190} INFO - [2024-10-06T04:20:25.115+0000] {dagbag.py:588} INFO - Filling up the DagBag from /opt/airflow/dags/hello_world.py
[2024-10-06T04:20:25.118+0000] {logging_mixin.py:190} INFO - [2024-10-06T04:20:25.117+0000] {dagbag.py:387} ERROR - Failed to import: /opt/airflow/dags/hello_world.py
Traceback (most recent call last):
  File "/home/airflow/.local/lib/python3.12/site-packages/airflow/models/dagbag.py", line 383, in parse
    loader.exec_module(new_module)
  File "<frozen importlib._bootstrap_external>", line 991, in exec_module
  File "<frozen importlib._bootstrap_external>", line 1129, in get_code
  File "<frozen importlib._bootstrap_external>", line 1059, in source_to_code
  File "<frozen importlib._bootstrap>", line 488, in _call_with_frames_removed
  File "/opt/airflow/dags/hello_world.py", line 15
    task_id='print_hello_dini'
            ^^^^^^^
SyntaxError: invalid syntax. Perhaps you forgot a comma?
[2024-10-06T04:20:25.118+0000] {processor.py:927} WARNING - No viable dags retrieved from /opt/airflow/dags/hello_world.py
[2024-10-06T04:20:25.136+0000] {processor.py:208} INFO - Processing /opt/airflow/dags/hello_world.py took 0.027 seconds
[2024-10-06T04:20:55.288+0000] {processor.py:186} INFO - Started process (PID=1192) to work on /opt/airflow/dags/hello_world.py
[2024-10-06T04:20:55.289+0000] {processor.py:914} INFO - Processing file /opt/airflow/dags/hello_world.py for tasks to queue
[2024-10-06T04:20:55.291+0000] {logging_mixin.py:190} INFO - [2024-10-06T04:20:55.290+0000] {dagbag.py:588} INFO - Filling up the DagBag from /opt/airflow/dags/hello_world.py
[2024-10-06T04:20:55.293+0000] {logging_mixin.py:190} INFO - [2024-10-06T04:20:55.292+0000] {dagbag.py:387} ERROR - Failed to import: /opt/airflow/dags/hello_world.py
Traceback (most recent call last):
  File "/home/airflow/.local/lib/python3.12/site-packages/airflow/models/dagbag.py", line 383, in parse
    loader.exec_module(new_module)
  File "<frozen importlib._bootstrap_external>", line 991, in exec_module
  File "<frozen importlib._bootstrap_external>", line 1129, in get_code
  File "<frozen importlib._bootstrap_external>", line 1059, in source_to_code
  File "<frozen importlib._bootstrap>", line 488, in _call_with_frames_removed
  File "/opt/airflow/dags/hello_world.py", line 15
    task_id='print_hello_dini'
            ^^^^^^^
SyntaxError: invalid syntax. Perhaps you forgot a comma?
[2024-10-06T04:20:55.293+0000] {processor.py:927} WARNING - No viable dags retrieved from /opt/airflow/dags/hello_world.py
[2024-10-06T04:20:55.312+0000] {processor.py:208} INFO - Processing /opt/airflow/dags/hello_world.py took 0.027 seconds
[2024-10-06T04:21:25.558+0000] {processor.py:186} INFO - Started process (PID=1255) to work on /opt/airflow/dags/hello_world.py
[2024-10-06T04:21:25.559+0000] {processor.py:914} INFO - Processing file /opt/airflow/dags/hello_world.py for tasks to queue
[2024-10-06T04:21:25.560+0000] {logging_mixin.py:190} INFO - [2024-10-06T04:21:25.560+0000] {dagbag.py:588} INFO - Filling up the DagBag from /opt/airflow/dags/hello_world.py
[2024-10-06T04:21:25.562+0000] {logging_mixin.py:190} INFO - [2024-10-06T04:21:25.562+0000] {dagbag.py:387} ERROR - Failed to import: /opt/airflow/dags/hello_world.py
Traceback (most recent call last):
  File "/home/airflow/.local/lib/python3.12/site-packages/airflow/models/dagbag.py", line 383, in parse
    loader.exec_module(new_module)
  File "<frozen importlib._bootstrap_external>", line 991, in exec_module
  File "<frozen importlib._bootstrap_external>", line 1129, in get_code
  File "<frozen importlib._bootstrap_external>", line 1059, in source_to_code
  File "<frozen importlib._bootstrap>", line 488, in _call_with_frames_removed
  File "/opt/airflow/dags/hello_world.py", line 15
    task_id='print_hello_dini'
            ^^^^^^^
SyntaxError: invalid syntax. Perhaps you forgot a comma?
[2024-10-06T04:21:25.563+0000] {processor.py:927} WARNING - No viable dags retrieved from /opt/airflow/dags/hello_world.py
[2024-10-06T04:21:25.580+0000] {processor.py:208} INFO - Processing /opt/airflow/dags/hello_world.py took 0.026 seconds
[2024-10-06T04:21:56.313+0000] {processor.py:186} INFO - Started process (PID=1318) to work on /opt/airflow/dags/hello_world.py
[2024-10-06T04:21:56.314+0000] {processor.py:914} INFO - Processing file /opt/airflow/dags/hello_world.py for tasks to queue
[2024-10-06T04:21:56.315+0000] {logging_mixin.py:190} INFO - [2024-10-06T04:21:56.315+0000] {dagbag.py:588} INFO - Filling up the DagBag from /opt/airflow/dags/hello_world.py
[2024-10-06T04:21:56.317+0000] {logging_mixin.py:190} INFO - [2024-10-06T04:21:56.317+0000] {dagbag.py:387} ERROR - Failed to import: /opt/airflow/dags/hello_world.py
Traceback (most recent call last):
  File "/home/airflow/.local/lib/python3.12/site-packages/airflow/models/dagbag.py", line 383, in parse
    loader.exec_module(new_module)
  File "<frozen importlib._bootstrap_external>", line 991, in exec_module
  File "<frozen importlib._bootstrap_external>", line 1129, in get_code
  File "<frozen importlib._bootstrap_external>", line 1059, in source_to_code
  File "<frozen importlib._bootstrap>", line 488, in _call_with_frames_removed
  File "/opt/airflow/dags/hello_world.py", line 15
    task_id='print_hello_dini'
            ^^^^^^^
SyntaxError: invalid syntax. Perhaps you forgot a comma?
[2024-10-06T04:21:56.318+0000] {processor.py:927} WARNING - No viable dags retrieved from /opt/airflow/dags/hello_world.py
[2024-10-06T04:21:56.335+0000] {processor.py:208} INFO - Processing /opt/airflow/dags/hello_world.py took 0.026 seconds
[2024-10-06T04:22:27.275+0000] {processor.py:186} INFO - Started process (PID=1381) to work on /opt/airflow/dags/hello_world.py
[2024-10-06T04:22:27.275+0000] {processor.py:914} INFO - Processing file /opt/airflow/dags/hello_world.py for tasks to queue
[2024-10-06T04:22:27.277+0000] {logging_mixin.py:190} INFO - [2024-10-06T04:22:27.277+0000] {dagbag.py:588} INFO - Filling up the DagBag from /opt/airflow/dags/hello_world.py
[2024-10-06T04:22:27.279+0000] {logging_mixin.py:190} INFO - [2024-10-06T04:22:27.278+0000] {dagbag.py:387} ERROR - Failed to import: /opt/airflow/dags/hello_world.py
Traceback (most recent call last):
  File "/home/airflow/.local/lib/python3.12/site-packages/airflow/models/dagbag.py", line 383, in parse
    loader.exec_module(new_module)
  File "<frozen importlib._bootstrap_external>", line 991, in exec_module
  File "<frozen importlib._bootstrap_external>", line 1129, in get_code
  File "<frozen importlib._bootstrap_external>", line 1059, in source_to_code
  File "<frozen importlib._bootstrap>", line 488, in _call_with_frames_removed
  File "/opt/airflow/dags/hello_world.py", line 15
    task_id='print_hello_dini'
            ^^^^^^^
SyntaxError: invalid syntax. Perhaps you forgot a comma?
[2024-10-06T04:22:27.280+0000] {processor.py:927} WARNING - No viable dags retrieved from /opt/airflow/dags/hello_world.py
[2024-10-06T04:22:27.296+0000] {processor.py:208} INFO - Processing /opt/airflow/dags/hello_world.py took 0.026 seconds
[2024-10-06T04:22:57.577+0000] {processor.py:186} INFO - Started process (PID=1444) to work on /opt/airflow/dags/hello_world.py
[2024-10-06T04:22:57.577+0000] {processor.py:914} INFO - Processing file /opt/airflow/dags/hello_world.py for tasks to queue
[2024-10-06T04:22:57.579+0000] {logging_mixin.py:190} INFO - [2024-10-06T04:22:57.579+0000] {dagbag.py:588} INFO - Filling up the DagBag from /opt/airflow/dags/hello_world.py
[2024-10-06T04:22:57.583+0000] {logging_mixin.py:190} INFO - [2024-10-06T04:22:57.581+0000] {dagbag.py:387} ERROR - Failed to import: /opt/airflow/dags/hello_world.py
Traceback (most recent call last):
  File "/home/airflow/.local/lib/python3.12/site-packages/airflow/models/dagbag.py", line 383, in parse
    loader.exec_module(new_module)
  File "<frozen importlib._bootstrap_external>", line 991, in exec_module
  File "<frozen importlib._bootstrap_external>", line 1129, in get_code
  File "<frozen importlib._bootstrap_external>", line 1059, in source_to_code
  File "<frozen importlib._bootstrap>", line 488, in _call_with_frames_removed
  File "/opt/airflow/dags/hello_world.py", line 15
    task_id='print_hello_dini'
            ^^^^^^^
SyntaxError: invalid syntax. Perhaps you forgot a comma?
[2024-10-06T04:22:57.584+0000] {processor.py:927} WARNING - No viable dags retrieved from /opt/airflow/dags/hello_world.py
[2024-10-06T04:22:57.606+0000] {processor.py:208} INFO - Processing /opt/airflow/dags/hello_world.py took 0.034 seconds
[2024-10-06T04:23:27.798+0000] {processor.py:186} INFO - Started process (PID=1507) to work on /opt/airflow/dags/hello_world.py
[2024-10-06T04:23:27.798+0000] {processor.py:914} INFO - Processing file /opt/airflow/dags/hello_world.py for tasks to queue
[2024-10-06T04:23:27.800+0000] {logging_mixin.py:190} INFO - [2024-10-06T04:23:27.800+0000] {dagbag.py:588} INFO - Filling up the DagBag from /opt/airflow/dags/hello_world.py
[2024-10-06T04:23:27.802+0000] {logging_mixin.py:190} INFO - [2024-10-06T04:23:27.801+0000] {dagbag.py:387} ERROR - Failed to import: /opt/airflow/dags/hello_world.py
Traceback (most recent call last):
  File "/home/airflow/.local/lib/python3.12/site-packages/airflow/models/dagbag.py", line 383, in parse
    loader.exec_module(new_module)
  File "<frozen importlib._bootstrap_external>", line 991, in exec_module
  File "<frozen importlib._bootstrap_external>", line 1129, in get_code
  File "<frozen importlib._bootstrap_external>", line 1059, in source_to_code
  File "<frozen importlib._bootstrap>", line 488, in _call_with_frames_removed
  File "/opt/airflow/dags/hello_world.py", line 15
    task_id='print_hello_dini'
            ^^^^^^^
SyntaxError: invalid syntax. Perhaps you forgot a comma?
[2024-10-06T04:23:27.803+0000] {processor.py:927} WARNING - No viable dags retrieved from /opt/airflow/dags/hello_world.py
[2024-10-06T04:23:27.822+0000] {processor.py:208} INFO - Processing /opt/airflow/dags/hello_world.py took 0.029 seconds
[2024-10-06T04:23:37.858+0000] {processor.py:186} INFO - Started process (PID=1508) to work on /opt/airflow/dags/hello_world.py
[2024-10-06T04:23:37.859+0000] {processor.py:914} INFO - Processing file /opt/airflow/dags/hello_world.py for tasks to queue
[2024-10-06T04:23:37.861+0000] {logging_mixin.py:190} INFO - [2024-10-06T04:23:37.860+0000] {dagbag.py:588} INFO - Filling up the DagBag from /opt/airflow/dags/hello_world.py
[2024-10-06T04:23:37.863+0000] {logging_mixin.py:190} INFO - [2024-10-06T04:23:37.862+0000] {dagbag.py:387} ERROR - Failed to import: /opt/airflow/dags/hello_world.py
Traceback (most recent call last):
  File "/home/airflow/.local/lib/python3.12/site-packages/airflow/models/dagbag.py", line 383, in parse
    loader.exec_module(new_module)
  File "<frozen importlib._bootstrap_external>", line 991, in exec_module
  File "<frozen importlib._bootstrap_external>", line 1129, in get_code
  File "<frozen importlib._bootstrap_external>", line 1059, in source_to_code
  File "<frozen importlib._bootstrap>", line 488, in _call_with_frames_removed
  File "/opt/airflow/dags/hello_world.py", line 15
    task_id='print_hello_dini'
            ^^^^^^^
SyntaxError: invalid syntax. Perhaps you forgot a comma?
[2024-10-06T04:23:37.863+0000] {processor.py:927} WARNING - No viable dags retrieved from /opt/airflow/dags/hello_world.py
[2024-10-06T04:23:37.883+0000] {processor.py:208} INFO - Processing /opt/airflow/dags/hello_world.py took 0.029 seconds
[2024-10-06T04:24:08.223+0000] {processor.py:186} INFO - Started process (PID=1571) to work on /opt/airflow/dags/hello_world.py
[2024-10-06T04:24:08.224+0000] {processor.py:914} INFO - Processing file /opt/airflow/dags/hello_world.py for tasks to queue
[2024-10-06T04:24:08.225+0000] {logging_mixin.py:190} INFO - [2024-10-06T04:24:08.225+0000] {dagbag.py:588} INFO - Filling up the DagBag from /opt/airflow/dags/hello_world.py
[2024-10-06T04:24:08.228+0000] {logging_mixin.py:190} INFO - [2024-10-06T04:24:08.227+0000] {dagbag.py:387} ERROR - Failed to import: /opt/airflow/dags/hello_world.py
Traceback (most recent call last):
  File "/home/airflow/.local/lib/python3.12/site-packages/airflow/models/dagbag.py", line 383, in parse
    loader.exec_module(new_module)
  File "<frozen importlib._bootstrap_external>", line 991, in exec_module
  File "<frozen importlib._bootstrap_external>", line 1129, in get_code
  File "<frozen importlib._bootstrap_external>", line 1059, in source_to_code
  File "<frozen importlib._bootstrap>", line 488, in _call_with_frames_removed
  File "/opt/airflow/dags/hello_world.py", line 15
    task_id='print_hello_dini'
            ^^^^^^^
SyntaxError: invalid syntax. Perhaps you forgot a comma?
[2024-10-06T04:24:08.228+0000] {processor.py:927} WARNING - No viable dags retrieved from /opt/airflow/dags/hello_world.py
[2024-10-06T04:24:08.253+0000] {processor.py:208} INFO - Processing /opt/airflow/dags/hello_world.py took 0.034 seconds
[2024-10-06T04:24:38.598+0000] {processor.py:186} INFO - Started process (PID=1634) to work on /opt/airflow/dags/hello_world.py
[2024-10-06T04:24:38.598+0000] {processor.py:914} INFO - Processing file /opt/airflow/dags/hello_world.py for tasks to queue
[2024-10-06T04:24:38.600+0000] {logging_mixin.py:190} INFO - [2024-10-06T04:24:38.600+0000] {dagbag.py:588} INFO - Filling up the DagBag from /opt/airflow/dags/hello_world.py
[2024-10-06T04:24:38.603+0000] {logging_mixin.py:190} INFO - [2024-10-06T04:24:38.602+0000] {dagbag.py:387} ERROR - Failed to import: /opt/airflow/dags/hello_world.py
Traceback (most recent call last):
  File "/home/airflow/.local/lib/python3.12/site-packages/airflow/models/dagbag.py", line 383, in parse
    loader.exec_module(new_module)
  File "<frozen importlib._bootstrap_external>", line 991, in exec_module
  File "<frozen importlib._bootstrap_external>", line 1129, in get_code
  File "<frozen importlib._bootstrap_external>", line 1059, in source_to_code
  File "<frozen importlib._bootstrap>", line 488, in _call_with_frames_removed
  File "/opt/airflow/dags/hello_world.py", line 15
    task_id='print_hello_dini'
            ^^^^^^^
SyntaxError: invalid syntax. Perhaps you forgot a comma?
[2024-10-06T04:24:38.603+0000] {processor.py:927} WARNING - No viable dags retrieved from /opt/airflow/dags/hello_world.py
[2024-10-06T04:24:38.622+0000] {processor.py:208} INFO - Processing /opt/airflow/dags/hello_world.py took 0.028 seconds
[2024-10-06T04:25:08.861+0000] {processor.py:186} INFO - Started process (PID=1697) to work on /opt/airflow/dags/hello_world.py
[2024-10-06T04:25:08.862+0000] {processor.py:914} INFO - Processing file /opt/airflow/dags/hello_world.py for tasks to queue
[2024-10-06T04:25:08.863+0000] {logging_mixin.py:190} INFO - [2024-10-06T04:25:08.863+0000] {dagbag.py:588} INFO - Filling up the DagBag from /opt/airflow/dags/hello_world.py
[2024-10-06T04:25:08.866+0000] {logging_mixin.py:190} INFO - [2024-10-06T04:25:08.865+0000] {dagbag.py:387} ERROR - Failed to import: /opt/airflow/dags/hello_world.py
Traceback (most recent call last):
  File "/home/airflow/.local/lib/python3.12/site-packages/airflow/models/dagbag.py", line 383, in parse
    loader.exec_module(new_module)
  File "<frozen importlib._bootstrap_external>", line 991, in exec_module
  File "<frozen importlib._bootstrap_external>", line 1129, in get_code
  File "<frozen importlib._bootstrap_external>", line 1059, in source_to_code
  File "<frozen importlib._bootstrap>", line 488, in _call_with_frames_removed
  File "/opt/airflow/dags/hello_world.py", line 15
    task_id='print_hello_dini'
            ^^^^^^^
SyntaxError: invalid syntax. Perhaps you forgot a comma?
[2024-10-06T04:25:08.866+0000] {processor.py:927} WARNING - No viable dags retrieved from /opt/airflow/dags/hello_world.py
[2024-10-06T04:25:08.889+0000] {processor.py:208} INFO - Processing /opt/airflow/dags/hello_world.py took 0.032 seconds
[2024-10-06T04:25:39.116+0000] {processor.py:186} INFO - Started process (PID=1760) to work on /opt/airflow/dags/hello_world.py
[2024-10-06T04:25:39.117+0000] {processor.py:914} INFO - Processing file /opt/airflow/dags/hello_world.py for tasks to queue
[2024-10-06T04:25:39.119+0000] {logging_mixin.py:190} INFO - [2024-10-06T04:25:39.118+0000] {dagbag.py:588} INFO - Filling up the DagBag from /opt/airflow/dags/hello_world.py
[2024-10-06T04:25:39.122+0000] {logging_mixin.py:190} INFO - [2024-10-06T04:25:39.121+0000] {dagbag.py:387} ERROR - Failed to import: /opt/airflow/dags/hello_world.py
Traceback (most recent call last):
  File "/home/airflow/.local/lib/python3.12/site-packages/airflow/models/dagbag.py", line 383, in parse
    loader.exec_module(new_module)
  File "<frozen importlib._bootstrap_external>", line 991, in exec_module
  File "<frozen importlib._bootstrap_external>", line 1129, in get_code
  File "<frozen importlib._bootstrap_external>", line 1059, in source_to_code
  File "<frozen importlib._bootstrap>", line 488, in _call_with_frames_removed
  File "/opt/airflow/dags/hello_world.py", line 15
    task_id='print_hello_dini'
            ^^^^^^^
SyntaxError: invalid syntax. Perhaps you forgot a comma?
[2024-10-06T04:25:39.123+0000] {processor.py:927} WARNING - No viable dags retrieved from /opt/airflow/dags/hello_world.py
[2024-10-06T04:25:39.144+0000] {processor.py:208} INFO - Processing /opt/airflow/dags/hello_world.py took 0.034 seconds
[2024-10-06T04:26:09.171+0000] {processor.py:186} INFO - Started process (PID=1823) to work on /opt/airflow/dags/hello_world.py
[2024-10-06T04:26:09.171+0000] {processor.py:914} INFO - Processing file /opt/airflow/dags/hello_world.py for tasks to queue
[2024-10-06T04:26:09.173+0000] {logging_mixin.py:190} INFO - [2024-10-06T04:26:09.172+0000] {dagbag.py:588} INFO - Filling up the DagBag from /opt/airflow/dags/hello_world.py
[2024-10-06T04:26:09.175+0000] {logging_mixin.py:190} INFO - [2024-10-06T04:26:09.174+0000] {dagbag.py:387} ERROR - Failed to import: /opt/airflow/dags/hello_world.py
Traceback (most recent call last):
  File "/home/airflow/.local/lib/python3.12/site-packages/airflow/models/dagbag.py", line 383, in parse
    loader.exec_module(new_module)
  File "<frozen importlib._bootstrap_external>", line 991, in exec_module
  File "<frozen importlib._bootstrap_external>", line 1129, in get_code
  File "<frozen importlib._bootstrap_external>", line 1059, in source_to_code
  File "<frozen importlib._bootstrap>", line 488, in _call_with_frames_removed
  File "/opt/airflow/dags/hello_world.py", line 15
    task_id='print_hello_dini'
            ^^^^^^^
SyntaxError: invalid syntax. Perhaps you forgot a comma?
[2024-10-06T04:26:09.175+0000] {processor.py:927} WARNING - No viable dags retrieved from /opt/airflow/dags/hello_world.py
[2024-10-06T04:26:09.192+0000] {processor.py:208} INFO - Processing /opt/airflow/dags/hello_world.py took 0.026 seconds
[2024-10-06T04:26:39.464+0000] {processor.py:186} INFO - Started process (PID=1886) to work on /opt/airflow/dags/hello_world.py
[2024-10-06T04:26:39.464+0000] {processor.py:914} INFO - Processing file /opt/airflow/dags/hello_world.py for tasks to queue
[2024-10-06T04:26:39.466+0000] {logging_mixin.py:190} INFO - [2024-10-06T04:26:39.465+0000] {dagbag.py:588} INFO - Filling up the DagBag from /opt/airflow/dags/hello_world.py
[2024-10-06T04:26:39.468+0000] {logging_mixin.py:190} INFO - [2024-10-06T04:26:39.467+0000] {dagbag.py:387} ERROR - Failed to import: /opt/airflow/dags/hello_world.py
Traceback (most recent call last):
  File "/home/airflow/.local/lib/python3.12/site-packages/airflow/models/dagbag.py", line 383, in parse
    loader.exec_module(new_module)
  File "<frozen importlib._bootstrap_external>", line 991, in exec_module
  File "<frozen importlib._bootstrap_external>", line 1129, in get_code
  File "<frozen importlib._bootstrap_external>", line 1059, in source_to_code
  File "<frozen importlib._bootstrap>", line 488, in _call_with_frames_removed
  File "/opt/airflow/dags/hello_world.py", line 15
    task_id='print_hello_dini'
            ^^^^^^^
SyntaxError: invalid syntax. Perhaps you forgot a comma?
[2024-10-06T04:26:39.468+0000] {processor.py:927} WARNING - No viable dags retrieved from /opt/airflow/dags/hello_world.py
[2024-10-06T04:26:39.487+0000] {processor.py:208} INFO - Processing /opt/airflow/dags/hello_world.py took 0.028 seconds
[2024-10-06T04:27:09.961+0000] {processor.py:186} INFO - Started process (PID=1950) to work on /opt/airflow/dags/hello_world.py
[2024-10-06T04:27:09.961+0000] {processor.py:914} INFO - Processing file /opt/airflow/dags/hello_world.py for tasks to queue
[2024-10-06T04:27:09.963+0000] {logging_mixin.py:190} INFO - [2024-10-06T04:27:09.962+0000] {dagbag.py:588} INFO - Filling up the DagBag from /opt/airflow/dags/hello_world.py
[2024-10-06T04:27:09.965+0000] {logging_mixin.py:190} INFO - [2024-10-06T04:27:09.964+0000] {dagbag.py:387} ERROR - Failed to import: /opt/airflow/dags/hello_world.py
Traceback (most recent call last):
  File "/home/airflow/.local/lib/python3.12/site-packages/airflow/models/dagbag.py", line 383, in parse
    loader.exec_module(new_module)
  File "<frozen importlib._bootstrap_external>", line 991, in exec_module
  File "<frozen importlib._bootstrap_external>", line 1129, in get_code
  File "<frozen importlib._bootstrap_external>", line 1059, in source_to_code
  File "<frozen importlib._bootstrap>", line 488, in _call_with_frames_removed
  File "/opt/airflow/dags/hello_world.py", line 15
    task_id='print_hello_dini'
            ^^^^^^^
SyntaxError: invalid syntax. Perhaps you forgot a comma?
[2024-10-06T04:27:09.965+0000] {processor.py:927} WARNING - No viable dags retrieved from /opt/airflow/dags/hello_world.py
[2024-10-06T04:27:09.984+0000] {processor.py:208} INFO - Processing /opt/airflow/dags/hello_world.py took 0.028 seconds
[2024-10-06T04:27:40.428+0000] {processor.py:186} INFO - Started process (PID=2013) to work on /opt/airflow/dags/hello_world.py
[2024-10-06T04:27:40.428+0000] {processor.py:914} INFO - Processing file /opt/airflow/dags/hello_world.py for tasks to queue
[2024-10-06T04:27:40.430+0000] {logging_mixin.py:190} INFO - [2024-10-06T04:27:40.430+0000] {dagbag.py:588} INFO - Filling up the DagBag from /opt/airflow/dags/hello_world.py
[2024-10-06T04:27:40.432+0000] {logging_mixin.py:190} INFO - [2024-10-06T04:27:40.431+0000] {dagbag.py:387} ERROR - Failed to import: /opt/airflow/dags/hello_world.py
Traceback (most recent call last):
  File "/home/airflow/.local/lib/python3.12/site-packages/airflow/models/dagbag.py", line 383, in parse
    loader.exec_module(new_module)
  File "<frozen importlib._bootstrap_external>", line 991, in exec_module
  File "<frozen importlib._bootstrap_external>", line 1129, in get_code
  File "<frozen importlib._bootstrap_external>", line 1059, in source_to_code
  File "<frozen importlib._bootstrap>", line 488, in _call_with_frames_removed
  File "/opt/airflow/dags/hello_world.py", line 15
    task_id='print_hello_dini'
            ^^^^^^^
SyntaxError: invalid syntax. Perhaps you forgot a comma?
[2024-10-06T04:27:40.432+0000] {processor.py:927} WARNING - No viable dags retrieved from /opt/airflow/dags/hello_world.py
[2024-10-06T04:27:40.464+0000] {processor.py:208} INFO - Processing /opt/airflow/dags/hello_world.py took 0.041 seconds
[2024-10-06T04:28:10.846+0000] {processor.py:186} INFO - Started process (PID=2076) to work on /opt/airflow/dags/hello_world.py
[2024-10-06T04:28:10.846+0000] {processor.py:914} INFO - Processing file /opt/airflow/dags/hello_world.py for tasks to queue
[2024-10-06T04:28:10.848+0000] {logging_mixin.py:190} INFO - [2024-10-06T04:28:10.847+0000] {dagbag.py:588} INFO - Filling up the DagBag from /opt/airflow/dags/hello_world.py
[2024-10-06T04:28:10.850+0000] {logging_mixin.py:190} INFO - [2024-10-06T04:28:10.849+0000] {dagbag.py:387} ERROR - Failed to import: /opt/airflow/dags/hello_world.py
Traceback (most recent call last):
  File "/home/airflow/.local/lib/python3.12/site-packages/airflow/models/dagbag.py", line 383, in parse
    loader.exec_module(new_module)
  File "<frozen importlib._bootstrap_external>", line 991, in exec_module
  File "<frozen importlib._bootstrap_external>", line 1129, in get_code
  File "<frozen importlib._bootstrap_external>", line 1059, in source_to_code
  File "<frozen importlib._bootstrap>", line 488, in _call_with_frames_removed
  File "/opt/airflow/dags/hello_world.py", line 15
    task_id='print_hello_dini'
            ^^^^^^^
SyntaxError: invalid syntax. Perhaps you forgot a comma?
[2024-10-06T04:28:10.850+0000] {processor.py:927} WARNING - No viable dags retrieved from /opt/airflow/dags/hello_world.py
[2024-10-06T04:28:10.870+0000] {processor.py:208} INFO - Processing /opt/airflow/dags/hello_world.py took 0.029 seconds
[2024-10-06T04:28:41.312+0000] {processor.py:186} INFO - Started process (PID=2139) to work on /opt/airflow/dags/hello_world.py
[2024-10-06T04:28:41.313+0000] {processor.py:914} INFO - Processing file /opt/airflow/dags/hello_world.py for tasks to queue
[2024-10-06T04:28:41.315+0000] {logging_mixin.py:190} INFO - [2024-10-06T04:28:41.315+0000] {dagbag.py:588} INFO - Filling up the DagBag from /opt/airflow/dags/hello_world.py
[2024-10-06T04:28:41.318+0000] {logging_mixin.py:190} INFO - [2024-10-06T04:28:41.317+0000] {dagbag.py:387} ERROR - Failed to import: /opt/airflow/dags/hello_world.py
Traceback (most recent call last):
  File "/home/airflow/.local/lib/python3.12/site-packages/airflow/models/dagbag.py", line 383, in parse
    loader.exec_module(new_module)
  File "<frozen importlib._bootstrap_external>", line 991, in exec_module
  File "<frozen importlib._bootstrap_external>", line 1129, in get_code
  File "<frozen importlib._bootstrap_external>", line 1059, in source_to_code
  File "<frozen importlib._bootstrap>", line 488, in _call_with_frames_removed
  File "/opt/airflow/dags/hello_world.py", line 15
    task_id='print_hello_dini'
            ^^^^^^^
SyntaxError: invalid syntax. Perhaps you forgot a comma?
[2024-10-06T04:28:41.319+0000] {processor.py:927} WARNING - No viable dags retrieved from /opt/airflow/dags/hello_world.py
[2024-10-06T04:28:41.343+0000] {processor.py:208} INFO - Processing /opt/airflow/dags/hello_world.py took 0.038 seconds
[2024-10-06T04:29:12.215+0000] {processor.py:186} INFO - Started process (PID=2202) to work on /opt/airflow/dags/hello_world.py
[2024-10-06T04:29:12.216+0000] {processor.py:914} INFO - Processing file /opt/airflow/dags/hello_world.py for tasks to queue
[2024-10-06T04:29:12.218+0000] {logging_mixin.py:190} INFO - [2024-10-06T04:29:12.218+0000] {dagbag.py:588} INFO - Filling up the DagBag from /opt/airflow/dags/hello_world.py
[2024-10-06T04:29:12.221+0000] {logging_mixin.py:190} INFO - [2024-10-06T04:29:12.220+0000] {dagbag.py:387} ERROR - Failed to import: /opt/airflow/dags/hello_world.py
Traceback (most recent call last):
  File "/home/airflow/.local/lib/python3.12/site-packages/airflow/models/dagbag.py", line 383, in parse
    loader.exec_module(new_module)
  File "<frozen importlib._bootstrap_external>", line 991, in exec_module
  File "<frozen importlib._bootstrap_external>", line 1129, in get_code
  File "<frozen importlib._bootstrap_external>", line 1059, in source_to_code
  File "<frozen importlib._bootstrap>", line 488, in _call_with_frames_removed
  File "/opt/airflow/dags/hello_world.py", line 15
    task_id='print_hello_dini'
            ^^^^^^^
SyntaxError: invalid syntax. Perhaps you forgot a comma?
[2024-10-06T04:29:12.222+0000] {processor.py:927} WARNING - No viable dags retrieved from /opt/airflow/dags/hello_world.py
[2024-10-06T04:29:12.244+0000] {processor.py:208} INFO - Processing /opt/airflow/dags/hello_world.py took 0.036 seconds
[2024-10-06T04:29:42.580+0000] {processor.py:186} INFO - Started process (PID=2265) to work on /opt/airflow/dags/hello_world.py
[2024-10-06T04:29:42.581+0000] {processor.py:914} INFO - Processing file /opt/airflow/dags/hello_world.py for tasks to queue
[2024-10-06T04:29:42.582+0000] {logging_mixin.py:190} INFO - [2024-10-06T04:29:42.582+0000] {dagbag.py:588} INFO - Filling up the DagBag from /opt/airflow/dags/hello_world.py
[2024-10-06T04:29:42.585+0000] {logging_mixin.py:190} INFO - [2024-10-06T04:29:42.584+0000] {dagbag.py:387} ERROR - Failed to import: /opt/airflow/dags/hello_world.py
Traceback (most recent call last):
  File "/home/airflow/.local/lib/python3.12/site-packages/airflow/models/dagbag.py", line 383, in parse
    loader.exec_module(new_module)
  File "<frozen importlib._bootstrap_external>", line 991, in exec_module
  File "<frozen importlib._bootstrap_external>", line 1129, in get_code
  File "<frozen importlib._bootstrap_external>", line 1059, in source_to_code
  File "<frozen importlib._bootstrap>", line 488, in _call_with_frames_removed
  File "/opt/airflow/dags/hello_world.py", line 15
    task_id='print_hello_dini'
            ^^^^^^^
SyntaxError: invalid syntax. Perhaps you forgot a comma?
[2024-10-06T04:29:42.585+0000] {processor.py:927} WARNING - No viable dags retrieved from /opt/airflow/dags/hello_world.py
[2024-10-06T04:29:42.603+0000] {processor.py:208} INFO - Processing /opt/airflow/dags/hello_world.py took 0.028 seconds
[2024-10-06T04:30:13.530+0000] {processor.py:186} INFO - Started process (PID=2328) to work on /opt/airflow/dags/hello_world.py
[2024-10-06T04:30:13.531+0000] {processor.py:914} INFO - Processing file /opt/airflow/dags/hello_world.py for tasks to queue
[2024-10-06T04:30:13.532+0000] {logging_mixin.py:190} INFO - [2024-10-06T04:30:13.532+0000] {dagbag.py:588} INFO - Filling up the DagBag from /opt/airflow/dags/hello_world.py
[2024-10-06T04:30:13.534+0000] {logging_mixin.py:190} INFO - [2024-10-06T04:30:13.534+0000] {dagbag.py:387} ERROR - Failed to import: /opt/airflow/dags/hello_world.py
Traceback (most recent call last):
  File "/home/airflow/.local/lib/python3.12/site-packages/airflow/models/dagbag.py", line 383, in parse
    loader.exec_module(new_module)
  File "<frozen importlib._bootstrap_external>", line 991, in exec_module
  File "<frozen importlib._bootstrap_external>", line 1129, in get_code
  File "<frozen importlib._bootstrap_external>", line 1059, in source_to_code
  File "<frozen importlib._bootstrap>", line 488, in _call_with_frames_removed
  File "/opt/airflow/dags/hello_world.py", line 15
    task_id='print_hello_dini'
            ^^^^^^^
SyntaxError: invalid syntax. Perhaps you forgot a comma?
[2024-10-06T04:30:13.535+0000] {processor.py:927} WARNING - No viable dags retrieved from /opt/airflow/dags/hello_world.py
[2024-10-06T04:30:13.555+0000] {processor.py:208} INFO - Processing /opt/airflow/dags/hello_world.py took 0.029 seconds
[2024-10-06T04:30:43.882+0000] {processor.py:186} INFO - Started process (PID=2392) to work on /opt/airflow/dags/hello_world.py
[2024-10-06T04:30:43.882+0000] {processor.py:914} INFO - Processing file /opt/airflow/dags/hello_world.py for tasks to queue
[2024-10-06T04:30:43.884+0000] {logging_mixin.py:190} INFO - [2024-10-06T04:30:43.884+0000] {dagbag.py:588} INFO - Filling up the DagBag from /opt/airflow/dags/hello_world.py
[2024-10-06T04:30:43.887+0000] {logging_mixin.py:190} INFO - [2024-10-06T04:30:43.886+0000] {dagbag.py:387} ERROR - Failed to import: /opt/airflow/dags/hello_world.py
Traceback (most recent call last):
  File "/home/airflow/.local/lib/python3.12/site-packages/airflow/models/dagbag.py", line 383, in parse
    loader.exec_module(new_module)
  File "<frozen importlib._bootstrap_external>", line 991, in exec_module
  File "<frozen importlib._bootstrap_external>", line 1129, in get_code
  File "<frozen importlib._bootstrap_external>", line 1059, in source_to_code
  File "<frozen importlib._bootstrap>", line 488, in _call_with_frames_removed
  File "/opt/airflow/dags/hello_world.py", line 15
    task_id='print_hello_dini'
            ^^^^^^^
SyntaxError: invalid syntax. Perhaps you forgot a comma?
[2024-10-06T04:30:43.887+0000] {processor.py:927} WARNING - No viable dags retrieved from /opt/airflow/dags/hello_world.py
[2024-10-06T04:30:43.906+0000] {processor.py:208} INFO - Processing /opt/airflow/dags/hello_world.py took 0.028 seconds
[2024-10-06T04:31:08.909+0000] {processor.py:186} INFO - Started process (PID=2455) to work on /opt/airflow/dags/hello_world.py
[2024-10-06T04:31:08.909+0000] {processor.py:914} INFO - Processing file /opt/airflow/dags/hello_world.py for tasks to queue
[2024-10-06T04:31:08.911+0000] {logging_mixin.py:190} INFO - [2024-10-06T04:31:08.911+0000] {dagbag.py:588} INFO - Filling up the DagBag from /opt/airflow/dags/hello_world.py
[2024-10-06T04:31:08.918+0000] {processor.py:925} INFO - DAG(s) 'hello_world_dini' retrieved from /opt/airflow/dags/hello_world.py
[2024-10-06T04:31:09.031+0000] {logging_mixin.py:190} INFO - [2024-10-06T04:31:09.030+0000] {override.py:1900} INFO - Created Permission View: can read on DAG:hello_world_dini
[2024-10-06T04:31:09.044+0000] {logging_mixin.py:190} INFO - [2024-10-06T04:31:09.043+0000] {override.py:1900} INFO - Created Permission View: can edit on DAG:hello_world_dini
[2024-10-06T04:31:09.055+0000] {logging_mixin.py:190} INFO - [2024-10-06T04:31:09.054+0000] {override.py:1900} INFO - Created Permission View: can delete on DAG:hello_world_dini
[2024-10-06T04:31:09.073+0000] {logging_mixin.py:190} INFO - [2024-10-06T04:31:09.073+0000] {override.py:1900} INFO - Created Permission View: can read on DAG Run:hello_world_dini
[2024-10-06T04:31:09.085+0000] {logging_mixin.py:190} INFO - [2024-10-06T04:31:09.085+0000] {override.py:1900} INFO - Created Permission View: can delete on DAG Run:hello_world_dini
[2024-10-06T04:31:09.095+0000] {logging_mixin.py:190} INFO - [2024-10-06T04:31:09.095+0000] {override.py:1900} INFO - Created Permission View: menu access on DAG Run:hello_world_dini
[2024-10-06T04:31:09.104+0000] {logging_mixin.py:190} INFO - [2024-10-06T04:31:09.104+0000] {override.py:1900} INFO - Created Permission View: can create on DAG Run:hello_world_dini
[2024-10-06T04:31:09.105+0000] {logging_mixin.py:190} INFO - [2024-10-06T04:31:09.105+0000] {dag.py:3239} INFO - Sync 1 DAGs
[2024-10-06T04:31:09.250+0000] {logging_mixin.py:190} INFO - [2024-10-06T04:31:09.250+0000] {dag.py:3262} INFO - Creating ORM DAG for hello_world_dini
[2024-10-06T04:31:09.258+0000] {logging_mixin.py:190} INFO - [2024-10-06T04:31:09.258+0000] {dag.py:4180} INFO - Setting next_dagrun for hello_world_dini to 2024-10-06 00:00:00+00:00, run_after=2024-10-07 00:00:00+00:00
[2024-10-06T04:31:09.282+0000] {processor.py:208} INFO - Processing /opt/airflow/dags/hello_world.py took 0.378 seconds
[2024-10-06T04:31:11.933+0000] {processor.py:186} INFO - Started process (PID=2456) to work on /opt/airflow/dags/hello_world.py
[2024-10-06T04:31:11.933+0000] {processor.py:914} INFO - Processing file /opt/airflow/dags/hello_world.py for tasks to queue
[2024-10-06T04:31:11.936+0000] {logging_mixin.py:190} INFO - [2024-10-06T04:31:11.936+0000] {dagbag.py:588} INFO - Filling up the DagBag from /opt/airflow/dags/hello_world.py
[2024-10-06T04:31:11.945+0000] {processor.py:925} INFO - DAG(s) 'hello_world_dini' retrieved from /opt/airflow/dags/hello_world.py
[2024-10-06T04:31:11.956+0000] {logging_mixin.py:190} INFO - [2024-10-06T04:31:11.956+0000] {dag.py:3239} INFO - Sync 1 DAGs
[2024-10-06T04:31:11.980+0000] {logging_mixin.py:190} INFO - [2024-10-06T04:31:11.980+0000] {dag.py:4180} INFO - Setting next_dagrun for hello_world_dini to 2024-10-06 00:00:00+00:00, run_after=2024-10-07 00:00:00+00:00
[2024-10-06T04:31:11.999+0000] {processor.py:208} INFO - Processing /opt/airflow/dags/hello_world.py took 0.070 seconds
[2024-10-06T04:31:42.785+0000] {processor.py:186} INFO - Started process (PID=2520) to work on /opt/airflow/dags/hello_world.py
[2024-10-06T04:31:42.786+0000] {processor.py:914} INFO - Processing file /opt/airflow/dags/hello_world.py for tasks to queue
[2024-10-06T04:31:42.788+0000] {logging_mixin.py:190} INFO - [2024-10-06T04:31:42.787+0000] {dagbag.py:588} INFO - Filling up the DagBag from /opt/airflow/dags/hello_world.py
[2024-10-06T04:31:42.794+0000] {processor.py:925} INFO - DAG(s) 'hello_world_dini' retrieved from /opt/airflow/dags/hello_world.py
[2024-10-06T04:31:42.807+0000] {logging_mixin.py:190} INFO - [2024-10-06T04:31:42.807+0000] {dag.py:3239} INFO - Sync 1 DAGs
[2024-10-06T04:31:42.825+0000] {logging_mixin.py:190} INFO - [2024-10-06T04:31:42.825+0000] {dag.py:4180} INFO - Setting next_dagrun for hello_world_dini to 2024-10-06 00:00:00+00:00, run_after=2024-10-07 00:00:00+00:00
[2024-10-06T04:31:42.841+0000] {processor.py:208} INFO - Processing /opt/airflow/dags/hello_world.py took 0.061 seconds
[2024-10-06T04:32:13.460+0000] {processor.py:186} INFO - Started process (PID=2583) to work on /opt/airflow/dags/hello_world.py
[2024-10-06T04:32:13.460+0000] {processor.py:914} INFO - Processing file /opt/airflow/dags/hello_world.py for tasks to queue
[2024-10-06T04:32:13.462+0000] {logging_mixin.py:190} INFO - [2024-10-06T04:32:13.462+0000] {dagbag.py:588} INFO - Filling up the DagBag from /opt/airflow/dags/hello_world.py
[2024-10-06T04:32:13.468+0000] {processor.py:925} INFO - DAG(s) 'hello_world_dini' retrieved from /opt/airflow/dags/hello_world.py
[2024-10-06T04:32:13.481+0000] {logging_mixin.py:190} INFO - [2024-10-06T04:32:13.481+0000] {dag.py:3239} INFO - Sync 1 DAGs
[2024-10-06T04:32:13.499+0000] {logging_mixin.py:190} INFO - [2024-10-06T04:32:13.499+0000] {dag.py:4180} INFO - Setting next_dagrun for hello_world_dini to 2024-10-06 00:00:00+00:00, run_after=2024-10-07 00:00:00+00:00
[2024-10-06T04:32:13.516+0000] {processor.py:208} INFO - Processing /opt/airflow/dags/hello_world.py took 0.061 seconds
[2024-10-06T04:32:43.983+0000] {processor.py:186} INFO - Started process (PID=2646) to work on /opt/airflow/dags/hello_world.py
[2024-10-06T04:32:43.983+0000] {processor.py:914} INFO - Processing file /opt/airflow/dags/hello_world.py for tasks to queue
[2024-10-06T04:32:43.985+0000] {logging_mixin.py:190} INFO - [2024-10-06T04:32:43.985+0000] {dagbag.py:588} INFO - Filling up the DagBag from /opt/airflow/dags/hello_world.py
[2024-10-06T04:32:43.991+0000] {processor.py:925} INFO - DAG(s) 'hello_world_dini' retrieved from /opt/airflow/dags/hello_world.py
[2024-10-06T04:32:44.005+0000] {logging_mixin.py:190} INFO - [2024-10-06T04:32:44.004+0000] {dag.py:3239} INFO - Sync 1 DAGs
[2024-10-06T04:32:44.023+0000] {logging_mixin.py:190} INFO - [2024-10-06T04:32:44.022+0000] {dag.py:4180} INFO - Setting next_dagrun for hello_world_dini to 2024-10-06 00:00:00+00:00, run_after=2024-10-07 00:00:00+00:00
[2024-10-06T04:32:44.040+0000] {processor.py:208} INFO - Processing /opt/airflow/dags/hello_world.py took 0.061 seconds
[2024-10-06T04:33:14.434+0000] {processor.py:186} INFO - Started process (PID=2709) to work on /opt/airflow/dags/hello_world.py
[2024-10-06T04:33:14.434+0000] {processor.py:914} INFO - Processing file /opt/airflow/dags/hello_world.py for tasks to queue
[2024-10-06T04:33:14.436+0000] {logging_mixin.py:190} INFO - [2024-10-06T04:33:14.436+0000] {dagbag.py:588} INFO - Filling up the DagBag from /opt/airflow/dags/hello_world.py
[2024-10-06T04:33:14.442+0000] {processor.py:925} INFO - DAG(s) 'hello_world_dini' retrieved from /opt/airflow/dags/hello_world.py
[2024-10-06T04:33:14.455+0000] {logging_mixin.py:190} INFO - [2024-10-06T04:33:14.455+0000] {dag.py:3239} INFO - Sync 1 DAGs
[2024-10-06T04:33:14.473+0000] {logging_mixin.py:190} INFO - [2024-10-06T04:33:14.473+0000] {dag.py:4180} INFO - Setting next_dagrun for hello_world_dini to 2024-10-06 00:00:00+00:00, run_after=2024-10-07 00:00:00+00:00
[2024-10-06T04:33:14.489+0000] {processor.py:208} INFO - Processing /opt/airflow/dags/hello_world.py took 0.059 seconds
[2024-10-06T04:33:45.166+0000] {processor.py:186} INFO - Started process (PID=2773) to work on /opt/airflow/dags/hello_world.py
[2024-10-06T04:33:45.166+0000] {processor.py:914} INFO - Processing file /opt/airflow/dags/hello_world.py for tasks to queue
[2024-10-06T04:33:45.168+0000] {logging_mixin.py:190} INFO - [2024-10-06T04:33:45.168+0000] {dagbag.py:588} INFO - Filling up the DagBag from /opt/airflow/dags/hello_world.py
[2024-10-06T04:33:45.175+0000] {processor.py:925} INFO - DAG(s) 'hello_world_dini' retrieved from /opt/airflow/dags/hello_world.py
[2024-10-06T04:33:45.189+0000] {logging_mixin.py:190} INFO - [2024-10-06T04:33:45.189+0000] {dag.py:3239} INFO - Sync 1 DAGs
[2024-10-06T04:33:45.207+0000] {logging_mixin.py:190} INFO - [2024-10-06T04:33:45.207+0000] {dag.py:4180} INFO - Setting next_dagrun for hello_world_dini to 2024-10-06 00:00:00+00:00, run_after=2024-10-07 00:00:00+00:00
[2024-10-06T04:33:45.353+0000] {processor.py:208} INFO - Processing /opt/airflow/dags/hello_world.py took 0.192 seconds
[2024-10-06T04:34:15.900+0000] {processor.py:186} INFO - Started process (PID=2836) to work on /opt/airflow/dags/hello_world.py
[2024-10-06T04:34:15.901+0000] {processor.py:914} INFO - Processing file /opt/airflow/dags/hello_world.py for tasks to queue
[2024-10-06T04:34:15.903+0000] {logging_mixin.py:190} INFO - [2024-10-06T04:34:15.902+0000] {dagbag.py:588} INFO - Filling up the DagBag from /opt/airflow/dags/hello_world.py
[2024-10-06T04:34:15.909+0000] {processor.py:925} INFO - DAG(s) 'hello_world_dini' retrieved from /opt/airflow/dags/hello_world.py
[2024-10-06T04:34:15.922+0000] {logging_mixin.py:190} INFO - [2024-10-06T04:34:15.922+0000] {dag.py:3239} INFO - Sync 1 DAGs
[2024-10-06T04:34:15.940+0000] {logging_mixin.py:190} INFO - [2024-10-06T04:34:15.940+0000] {dag.py:4180} INFO - Setting next_dagrun for hello_world_dini to 2024-10-06 00:00:00+00:00, run_after=2024-10-07 00:00:00+00:00
[2024-10-06T04:34:16.117+0000] {processor.py:208} INFO - Processing /opt/airflow/dags/hello_world.py took 0.221 seconds
[2024-10-06T04:34:46.414+0000] {processor.py:186} INFO - Started process (PID=2899) to work on /opt/airflow/dags/hello_world.py
[2024-10-06T04:34:46.414+0000] {processor.py:914} INFO - Processing file /opt/airflow/dags/hello_world.py for tasks to queue
[2024-10-06T04:34:46.416+0000] {logging_mixin.py:190} INFO - [2024-10-06T04:34:46.416+0000] {dagbag.py:588} INFO - Filling up the DagBag from /opt/airflow/dags/hello_world.py
[2024-10-06T04:34:46.422+0000] {processor.py:925} INFO - DAG(s) 'hello_world_dini' retrieved from /opt/airflow/dags/hello_world.py
[2024-10-06T04:34:46.435+0000] {logging_mixin.py:190} INFO - [2024-10-06T04:34:46.435+0000] {dag.py:3239} INFO - Sync 1 DAGs
[2024-10-06T04:34:46.454+0000] {logging_mixin.py:190} INFO - [2024-10-06T04:34:46.453+0000] {dag.py:4180} INFO - Setting next_dagrun for hello_world_dini to 2024-10-06 00:00:00+00:00, run_after=2024-10-07 00:00:00+00:00
[2024-10-06T04:34:46.617+0000] {processor.py:208} INFO - Processing /opt/airflow/dags/hello_world.py took 0.208 seconds
[2024-10-06T04:35:17.168+0000] {processor.py:186} INFO - Started process (PID=2962) to work on /opt/airflow/dags/hello_world.py
[2024-10-06T04:35:17.169+0000] {processor.py:914} INFO - Processing file /opt/airflow/dags/hello_world.py for tasks to queue
[2024-10-06T04:35:17.170+0000] {logging_mixin.py:190} INFO - [2024-10-06T04:35:17.170+0000] {dagbag.py:588} INFO - Filling up the DagBag from /opt/airflow/dags/hello_world.py
[2024-10-06T04:35:17.177+0000] {processor.py:925} INFO - DAG(s) 'hello_world_dini' retrieved from /opt/airflow/dags/hello_world.py
[2024-10-06T04:35:17.189+0000] {logging_mixin.py:190} INFO - [2024-10-06T04:35:17.189+0000] {dag.py:3239} INFO - Sync 1 DAGs
[2024-10-06T04:35:17.207+0000] {logging_mixin.py:190} INFO - [2024-10-06T04:35:17.207+0000] {dag.py:4180} INFO - Setting next_dagrun for hello_world_dini to 2024-10-06 00:00:00+00:00, run_after=2024-10-07 00:00:00+00:00
[2024-10-06T04:35:17.355+0000] {processor.py:208} INFO - Processing /opt/airflow/dags/hello_world.py took 0.191 seconds
[2024-10-06T04:35:48.318+0000] {processor.py:186} INFO - Started process (PID=3025) to work on /opt/airflow/dags/hello_world.py
[2024-10-06T04:35:48.319+0000] {processor.py:914} INFO - Processing file /opt/airflow/dags/hello_world.py for tasks to queue
[2024-10-06T04:35:48.321+0000] {logging_mixin.py:190} INFO - [2024-10-06T04:35:48.320+0000] {dagbag.py:588} INFO - Filling up the DagBag from /opt/airflow/dags/hello_world.py
[2024-10-06T04:35:48.327+0000] {processor.py:925} INFO - DAG(s) 'hello_world_dini' retrieved from /opt/airflow/dags/hello_world.py
[2024-10-06T04:35:48.344+0000] {logging_mixin.py:190} INFO - [2024-10-06T04:35:48.343+0000] {dag.py:3239} INFO - Sync 1 DAGs
[2024-10-06T04:35:48.364+0000] {logging_mixin.py:190} INFO - [2024-10-06T04:35:48.364+0000] {dag.py:4180} INFO - Setting next_dagrun for hello_world_dini to 2024-10-06 00:00:00+00:00, run_after=2024-10-07 00:00:00+00:00
[2024-10-06T04:35:48.381+0000] {processor.py:208} INFO - Processing /opt/airflow/dags/hello_world.py took 0.067 seconds
[2024-10-06T04:36:18.771+0000] {processor.py:186} INFO - Started process (PID=3088) to work on /opt/airflow/dags/hello_world.py
[2024-10-06T04:36:18.771+0000] {processor.py:914} INFO - Processing file /opt/airflow/dags/hello_world.py for tasks to queue
[2024-10-06T04:36:18.773+0000] {logging_mixin.py:190} INFO - [2024-10-06T04:36:18.773+0000] {dagbag.py:588} INFO - Filling up the DagBag from /opt/airflow/dags/hello_world.py
[2024-10-06T04:36:18.779+0000] {processor.py:925} INFO - DAG(s) 'hello_world_dini' retrieved from /opt/airflow/dags/hello_world.py
[2024-10-06T04:36:18.793+0000] {logging_mixin.py:190} INFO - [2024-10-06T04:36:18.792+0000] {dag.py:3239} INFO - Sync 1 DAGs
[2024-10-06T04:36:18.810+0000] {logging_mixin.py:190} INFO - [2024-10-06T04:36:18.810+0000] {dag.py:4180} INFO - Setting next_dagrun for hello_world_dini to 2024-10-06 00:00:00+00:00, run_after=2024-10-07 00:00:00+00:00
[2024-10-06T04:36:18.828+0000] {processor.py:208} INFO - Processing /opt/airflow/dags/hello_world.py took 0.062 seconds
[2024-10-06T04:36:49.189+0000] {processor.py:186} INFO - Started process (PID=3151) to work on /opt/airflow/dags/hello_world.py
[2024-10-06T04:36:49.190+0000] {processor.py:914} INFO - Processing file /opt/airflow/dags/hello_world.py for tasks to queue
[2024-10-06T04:36:49.192+0000] {logging_mixin.py:190} INFO - [2024-10-06T04:36:49.191+0000] {dagbag.py:588} INFO - Filling up the DagBag from /opt/airflow/dags/hello_world.py
[2024-10-06T04:36:49.198+0000] {processor.py:925} INFO - DAG(s) 'hello_world_dini' retrieved from /opt/airflow/dags/hello_world.py
[2024-10-06T04:36:49.212+0000] {logging_mixin.py:190} INFO - [2024-10-06T04:36:49.212+0000] {dag.py:3239} INFO - Sync 1 DAGs
[2024-10-06T04:36:49.231+0000] {logging_mixin.py:190} INFO - [2024-10-06T04:36:49.230+0000] {dag.py:4180} INFO - Setting next_dagrun for hello_world_dini to 2024-10-06 00:00:00+00:00, run_after=2024-10-07 00:00:00+00:00
[2024-10-06T04:36:49.249+0000] {processor.py:208} INFO - Processing /opt/airflow/dags/hello_world.py took 0.065 seconds
[2024-10-06T04:37:19.819+0000] {processor.py:186} INFO - Started process (PID=3214) to work on /opt/airflow/dags/hello_world.py
[2024-10-06T04:37:19.820+0000] {processor.py:914} INFO - Processing file /opt/airflow/dags/hello_world.py for tasks to queue
[2024-10-06T04:37:19.821+0000] {logging_mixin.py:190} INFO - [2024-10-06T04:37:19.821+0000] {dagbag.py:588} INFO - Filling up the DagBag from /opt/airflow/dags/hello_world.py
[2024-10-06T04:37:19.828+0000] {processor.py:925} INFO - DAG(s) 'hello_world_dini' retrieved from /opt/airflow/dags/hello_world.py
[2024-10-06T04:37:19.841+0000] {logging_mixin.py:190} INFO - [2024-10-06T04:37:19.841+0000] {dag.py:3239} INFO - Sync 1 DAGs
[2024-10-06T04:37:19.859+0000] {logging_mixin.py:190} INFO - [2024-10-06T04:37:19.859+0000] {dag.py:4180} INFO - Setting next_dagrun for hello_world_dini to 2024-10-06 00:00:00+00:00, run_after=2024-10-07 00:00:00+00:00
[2024-10-06T04:37:19.876+0000] {processor.py:208} INFO - Processing /opt/airflow/dags/hello_world.py took 0.061 seconds
[2024-10-06T04:37:50.478+0000] {processor.py:186} INFO - Started process (PID=3277) to work on /opt/airflow/dags/hello_world.py
[2024-10-06T04:37:50.479+0000] {processor.py:914} INFO - Processing file /opt/airflow/dags/hello_world.py for tasks to queue
[2024-10-06T04:37:50.481+0000] {logging_mixin.py:190} INFO - [2024-10-06T04:37:50.480+0000] {dagbag.py:588} INFO - Filling up the DagBag from /opt/airflow/dags/hello_world.py
[2024-10-06T04:37:50.487+0000] {processor.py:925} INFO - DAG(s) 'hello_world_dini' retrieved from /opt/airflow/dags/hello_world.py
[2024-10-06T04:37:50.500+0000] {logging_mixin.py:190} INFO - [2024-10-06T04:37:50.500+0000] {dag.py:3239} INFO - Sync 1 DAGs
[2024-10-06T04:37:50.517+0000] {logging_mixin.py:190} INFO - [2024-10-06T04:37:50.517+0000] {dag.py:4180} INFO - Setting next_dagrun for hello_world_dini to 2024-10-06 00:00:00+00:00, run_after=2024-10-07 00:00:00+00:00
[2024-10-06T04:37:50.532+0000] {processor.py:208} INFO - Processing /opt/airflow/dags/hello_world.py took 0.058 seconds
[2024-10-06T04:38:21.144+0000] {processor.py:186} INFO - Started process (PID=3340) to work on /opt/airflow/dags/hello_world.py
[2024-10-06T04:38:21.144+0000] {processor.py:914} INFO - Processing file /opt/airflow/dags/hello_world.py for tasks to queue
[2024-10-06T04:38:21.146+0000] {logging_mixin.py:190} INFO - [2024-10-06T04:38:21.146+0000] {dagbag.py:588} INFO - Filling up the DagBag from /opt/airflow/dags/hello_world.py
[2024-10-06T04:38:21.155+0000] {processor.py:925} INFO - DAG(s) 'hello_world_dini' retrieved from /opt/airflow/dags/hello_world.py
[2024-10-06T04:38:21.169+0000] {logging_mixin.py:190} INFO - [2024-10-06T04:38:21.168+0000] {dag.py:3239} INFO - Sync 1 DAGs
[2024-10-06T04:38:21.187+0000] {logging_mixin.py:190} INFO - [2024-10-06T04:38:21.186+0000] {dag.py:4180} INFO - Setting next_dagrun for hello_world_dini to 2024-10-06 00:00:00+00:00, run_after=2024-10-07 00:00:00+00:00
[2024-10-06T04:38:21.204+0000] {processor.py:208} INFO - Processing /opt/airflow/dags/hello_world.py took 0.064 seconds
[2024-10-06T04:38:51.722+0000] {processor.py:186} INFO - Started process (PID=3403) to work on /opt/airflow/dags/hello_world.py
[2024-10-06T04:38:51.722+0000] {processor.py:914} INFO - Processing file /opt/airflow/dags/hello_world.py for tasks to queue
[2024-10-06T04:38:51.724+0000] {logging_mixin.py:190} INFO - [2024-10-06T04:38:51.724+0000] {dagbag.py:588} INFO - Filling up the DagBag from /opt/airflow/dags/hello_world.py
[2024-10-06T04:38:51.730+0000] {processor.py:925} INFO - DAG(s) 'hello_world_dini' retrieved from /opt/airflow/dags/hello_world.py
[2024-10-06T04:38:51.743+0000] {logging_mixin.py:190} INFO - [2024-10-06T04:38:51.743+0000] {dag.py:3239} INFO - Sync 1 DAGs
[2024-10-06T04:38:51.761+0000] {logging_mixin.py:190} INFO - [2024-10-06T04:38:51.761+0000] {dag.py:4180} INFO - Setting next_dagrun for hello_world_dini to 2024-10-06 00:00:00+00:00, run_after=2024-10-07 00:00:00+00:00
[2024-10-06T04:38:51.779+0000] {processor.py:208} INFO - Processing /opt/airflow/dags/hello_world.py took 0.061 seconds
[2024-10-06T04:39:21.952+0000] {processor.py:186} INFO - Started process (PID=3467) to work on /opt/airflow/dags/hello_world.py
[2024-10-06T04:39:21.953+0000] {processor.py:914} INFO - Processing file /opt/airflow/dags/hello_world.py for tasks to queue
[2024-10-06T04:39:21.955+0000] {logging_mixin.py:190} INFO - [2024-10-06T04:39:21.955+0000] {dagbag.py:588} INFO - Filling up the DagBag from /opt/airflow/dags/hello_world.py
[2024-10-06T04:39:21.961+0000] {processor.py:925} INFO - DAG(s) 'hello_world_dini' retrieved from /opt/airflow/dags/hello_world.py
[2024-10-06T04:39:21.975+0000] {logging_mixin.py:190} INFO - [2024-10-06T04:39:21.975+0000] {dag.py:3239} INFO - Sync 1 DAGs
[2024-10-06T04:39:21.994+0000] {logging_mixin.py:190} INFO - [2024-10-06T04:39:21.994+0000] {dag.py:4180} INFO - Setting next_dagrun for hello_world_dini to 2024-10-06 00:00:00+00:00, run_after=2024-10-07 00:00:00+00:00
[2024-10-06T04:39:22.013+0000] {processor.py:208} INFO - Processing /opt/airflow/dags/hello_world.py took 0.065 seconds
[2024-10-06T04:39:52.460+0000] {processor.py:186} INFO - Started process (PID=3531) to work on /opt/airflow/dags/hello_world.py
[2024-10-06T04:39:52.461+0000] {processor.py:914} INFO - Processing file /opt/airflow/dags/hello_world.py for tasks to queue
[2024-10-06T04:39:52.463+0000] {logging_mixin.py:190} INFO - [2024-10-06T04:39:52.462+0000] {dagbag.py:588} INFO - Filling up the DagBag from /opt/airflow/dags/hello_world.py
[2024-10-06T04:39:52.469+0000] {processor.py:925} INFO - DAG(s) 'hello_world_dini' retrieved from /opt/airflow/dags/hello_world.py
[2024-10-06T04:39:52.483+0000] {logging_mixin.py:190} INFO - [2024-10-06T04:39:52.483+0000] {dag.py:3239} INFO - Sync 1 DAGs
[2024-10-06T04:39:52.502+0000] {logging_mixin.py:190} INFO - [2024-10-06T04:39:52.502+0000] {dag.py:4180} INFO - Setting next_dagrun for hello_world_dini to 2024-10-06 00:00:00+00:00, run_after=2024-10-07 00:00:00+00:00
[2024-10-06T04:39:52.526+0000] {processor.py:208} INFO - Processing /opt/airflow/dags/hello_world.py took 0.071 seconds
[2024-10-06T04:40:22.785+0000] {processor.py:186} INFO - Started process (PID=3594) to work on /opt/airflow/dags/hello_world.py
[2024-10-06T04:40:22.785+0000] {processor.py:914} INFO - Processing file /opt/airflow/dags/hello_world.py for tasks to queue
[2024-10-06T04:40:22.787+0000] {logging_mixin.py:190} INFO - [2024-10-06T04:40:22.787+0000] {dagbag.py:588} INFO - Filling up the DagBag from /opt/airflow/dags/hello_world.py
[2024-10-06T04:40:22.793+0000] {processor.py:925} INFO - DAG(s) 'hello_world_dini' retrieved from /opt/airflow/dags/hello_world.py
[2024-10-06T04:40:22.806+0000] {logging_mixin.py:190} INFO - [2024-10-06T04:40:22.806+0000] {dag.py:3239} INFO - Sync 1 DAGs
[2024-10-06T04:40:22.824+0000] {logging_mixin.py:190} INFO - [2024-10-06T04:40:22.824+0000] {dag.py:4180} INFO - Setting next_dagrun for hello_world_dini to 2024-10-06 00:00:00+00:00, run_after=2024-10-07 00:00:00+00:00
[2024-10-06T04:40:22.840+0000] {processor.py:208} INFO - Processing /opt/airflow/dags/hello_world.py took 0.060 seconds
[2024-10-06T04:40:53.118+0000] {processor.py:186} INFO - Started process (PID=3657) to work on /opt/airflow/dags/hello_world.py
[2024-10-06T04:40:53.119+0000] {processor.py:914} INFO - Processing file /opt/airflow/dags/hello_world.py for tasks to queue
[2024-10-06T04:40:53.120+0000] {logging_mixin.py:190} INFO - [2024-10-06T04:40:53.120+0000] {dagbag.py:588} INFO - Filling up the DagBag from /opt/airflow/dags/hello_world.py
[2024-10-06T04:40:53.127+0000] {processor.py:925} INFO - DAG(s) 'hello_world_dini' retrieved from /opt/airflow/dags/hello_world.py
[2024-10-06T04:40:53.140+0000] {logging_mixin.py:190} INFO - [2024-10-06T04:40:53.140+0000] {dag.py:3239} INFO - Sync 1 DAGs
[2024-10-06T04:40:53.158+0000] {logging_mixin.py:190} INFO - [2024-10-06T04:40:53.158+0000] {dag.py:4180} INFO - Setting next_dagrun for hello_world_dini to 2024-10-06 00:00:00+00:00, run_after=2024-10-07 00:00:00+00:00
[2024-10-06T04:40:53.176+0000] {processor.py:208} INFO - Processing /opt/airflow/dags/hello_world.py took 0.062 seconds
[2024-10-06T04:41:23.338+0000] {processor.py:186} INFO - Started process (PID=3720) to work on /opt/airflow/dags/hello_world.py
[2024-10-06T04:41:23.339+0000] {processor.py:914} INFO - Processing file /opt/airflow/dags/hello_world.py for tasks to queue
[2024-10-06T04:41:23.341+0000] {logging_mixin.py:190} INFO - [2024-10-06T04:41:23.341+0000] {dagbag.py:588} INFO - Filling up the DagBag from /opt/airflow/dags/hello_world.py
[2024-10-06T04:41:23.347+0000] {processor.py:925} INFO - DAG(s) 'hello_world_dini' retrieved from /opt/airflow/dags/hello_world.py
[2024-10-06T04:41:23.361+0000] {logging_mixin.py:190} INFO - [2024-10-06T04:41:23.360+0000] {dag.py:3239} INFO - Sync 1 DAGs
[2024-10-06T04:41:23.378+0000] {logging_mixin.py:190} INFO - [2024-10-06T04:41:23.378+0000] {dag.py:4180} INFO - Setting next_dagrun for hello_world_dini to 2024-10-06 00:00:00+00:00, run_after=2024-10-07 00:00:00+00:00
[2024-10-06T04:41:23.396+0000] {processor.py:208} INFO - Processing /opt/airflow/dags/hello_world.py took 0.062 seconds
[2024-10-06T04:41:53.700+0000] {processor.py:186} INFO - Started process (PID=3783) to work on /opt/airflow/dags/hello_world.py
[2024-10-06T04:41:53.701+0000] {processor.py:914} INFO - Processing file /opt/airflow/dags/hello_world.py for tasks to queue
[2024-10-06T04:41:53.703+0000] {logging_mixin.py:190} INFO - [2024-10-06T04:41:53.703+0000] {dagbag.py:588} INFO - Filling up the DagBag from /opt/airflow/dags/hello_world.py
[2024-10-06T04:41:53.709+0000] {processor.py:925} INFO - DAG(s) 'hello_world_dini' retrieved from /opt/airflow/dags/hello_world.py
[2024-10-06T04:41:53.723+0000] {logging_mixin.py:190} INFO - [2024-10-06T04:41:53.723+0000] {dag.py:3239} INFO - Sync 1 DAGs
[2024-10-06T04:41:53.741+0000] {logging_mixin.py:190} INFO - [2024-10-06T04:41:53.741+0000] {dag.py:4180} INFO - Setting next_dagrun for hello_world_dini to 2024-10-06 00:00:00+00:00, run_after=2024-10-07 00:00:00+00:00
[2024-10-06T04:41:53.756+0000] {processor.py:208} INFO - Processing /opt/airflow/dags/hello_world.py took 0.062 seconds
[2024-10-06T04:42:23.965+0000] {processor.py:186} INFO - Started process (PID=3846) to work on /opt/airflow/dags/hello_world.py
[2024-10-06T04:42:23.966+0000] {processor.py:914} INFO - Processing file /opt/airflow/dags/hello_world.py for tasks to queue
[2024-10-06T04:42:23.968+0000] {logging_mixin.py:190} INFO - [2024-10-06T04:42:23.967+0000] {dagbag.py:588} INFO - Filling up the DagBag from /opt/airflow/dags/hello_world.py
[2024-10-06T04:42:23.974+0000] {processor.py:925} INFO - DAG(s) 'hello_world_dini' retrieved from /opt/airflow/dags/hello_world.py
[2024-10-06T04:42:23.989+0000] {logging_mixin.py:190} INFO - [2024-10-06T04:42:23.989+0000] {dag.py:3239} INFO - Sync 1 DAGs
[2024-10-06T04:42:24.007+0000] {logging_mixin.py:190} INFO - [2024-10-06T04:42:24.007+0000] {dag.py:4180} INFO - Setting next_dagrun for hello_world_dini to 2024-10-06 00:00:00+00:00, run_after=2024-10-07 00:00:00+00:00
[2024-10-06T04:42:24.024+0000] {processor.py:208} INFO - Processing /opt/airflow/dags/hello_world.py took 0.063 seconds
[2024-10-06T04:42:54.146+0000] {processor.py:186} INFO - Started process (PID=3909) to work on /opt/airflow/dags/hello_world.py
[2024-10-06T04:42:54.147+0000] {processor.py:914} INFO - Processing file /opt/airflow/dags/hello_world.py for tasks to queue
[2024-10-06T04:42:54.149+0000] {logging_mixin.py:190} INFO - [2024-10-06T04:42:54.149+0000] {dagbag.py:588} INFO - Filling up the DagBag from /opt/airflow/dags/hello_world.py
[2024-10-06T04:42:54.155+0000] {processor.py:925} INFO - DAG(s) 'hello_world_dini' retrieved from /opt/airflow/dags/hello_world.py
[2024-10-06T04:42:54.171+0000] {logging_mixin.py:190} INFO - [2024-10-06T04:42:54.171+0000] {dag.py:3239} INFO - Sync 1 DAGs
[2024-10-06T04:42:54.193+0000] {logging_mixin.py:190} INFO - [2024-10-06T04:42:54.192+0000] {dag.py:4180} INFO - Setting next_dagrun for hello_world_dini to 2024-10-06 00:00:00+00:00, run_after=2024-10-07 00:00:00+00:00
[2024-10-06T04:42:54.208+0000] {processor.py:208} INFO - Processing /opt/airflow/dags/hello_world.py took 0.067 seconds
[2024-10-06T04:43:24.507+0000] {processor.py:186} INFO - Started process (PID=3972) to work on /opt/airflow/dags/hello_world.py
[2024-10-06T04:43:24.508+0000] {processor.py:914} INFO - Processing file /opt/airflow/dags/hello_world.py for tasks to queue
[2024-10-06T04:43:24.510+0000] {logging_mixin.py:190} INFO - [2024-10-06T04:43:24.509+0000] {dagbag.py:588} INFO - Filling up the DagBag from /opt/airflow/dags/hello_world.py
[2024-10-06T04:43:24.516+0000] {processor.py:925} INFO - DAG(s) 'hello_world_dini' retrieved from /opt/airflow/dags/hello_world.py
[2024-10-06T04:43:24.530+0000] {logging_mixin.py:190} INFO - [2024-10-06T04:43:24.530+0000] {dag.py:3239} INFO - Sync 1 DAGs
[2024-10-06T04:43:24.548+0000] {logging_mixin.py:190} INFO - [2024-10-06T04:43:24.548+0000] {dag.py:4180} INFO - Setting next_dagrun for hello_world_dini to 2024-10-06 00:00:00+00:00, run_after=2024-10-07 00:00:00+00:00
[2024-10-06T04:43:24.565+0000] {processor.py:208} INFO - Processing /opt/airflow/dags/hello_world.py took 0.063 seconds
[2024-10-06T04:43:54.907+0000] {processor.py:186} INFO - Started process (PID=4035) to work on /opt/airflow/dags/hello_world.py
[2024-10-06T04:43:54.907+0000] {processor.py:914} INFO - Processing file /opt/airflow/dags/hello_world.py for tasks to queue
[2024-10-06T04:43:54.909+0000] {logging_mixin.py:190} INFO - [2024-10-06T04:43:54.909+0000] {dagbag.py:588} INFO - Filling up the DagBag from /opt/airflow/dags/hello_world.py
[2024-10-06T04:43:54.916+0000] {processor.py:925} INFO - DAG(s) 'hello_world_dini' retrieved from /opt/airflow/dags/hello_world.py
[2024-10-06T04:43:54.929+0000] {logging_mixin.py:190} INFO - [2024-10-06T04:43:54.929+0000] {dag.py:3239} INFO - Sync 1 DAGs
[2024-10-06T04:43:54.947+0000] {logging_mixin.py:190} INFO - [2024-10-06T04:43:54.947+0000] {dag.py:4180} INFO - Setting next_dagrun for hello_world_dini to 2024-10-06 00:00:00+00:00, run_after=2024-10-07 00:00:00+00:00
[2024-10-06T04:43:54.965+0000] {processor.py:208} INFO - Processing /opt/airflow/dags/hello_world.py took 0.063 seconds
[2024-10-06T04:44:25.273+0000] {processor.py:186} INFO - Started process (PID=4098) to work on /opt/airflow/dags/hello_world.py
[2024-10-06T04:44:25.274+0000] {processor.py:914} INFO - Processing file /opt/airflow/dags/hello_world.py for tasks to queue
[2024-10-06T04:44:25.276+0000] {logging_mixin.py:190} INFO - [2024-10-06T04:44:25.276+0000] {dagbag.py:588} INFO - Filling up the DagBag from /opt/airflow/dags/hello_world.py
[2024-10-06T04:44:25.282+0000] {processor.py:925} INFO - DAG(s) 'hello_world_dini' retrieved from /opt/airflow/dags/hello_world.py
[2024-10-06T04:44:25.300+0000] {logging_mixin.py:190} INFO - [2024-10-06T04:44:25.300+0000] {dag.py:3239} INFO - Sync 1 DAGs
[2024-10-06T04:44:25.326+0000] {logging_mixin.py:190} INFO - [2024-10-06T04:44:25.326+0000] {dag.py:4180} INFO - Setting next_dagrun for hello_world_dini to 2024-10-06 00:00:00+00:00, run_after=2024-10-07 00:00:00+00:00
[2024-10-06T04:44:25.349+0000] {processor.py:208} INFO - Processing /opt/airflow/dags/hello_world.py took 0.081 seconds
[2024-10-06T04:44:55.622+0000] {processor.py:186} INFO - Started process (PID=4161) to work on /opt/airflow/dags/hello_world.py
[2024-10-06T04:44:55.622+0000] {processor.py:914} INFO - Processing file /opt/airflow/dags/hello_world.py for tasks to queue
[2024-10-06T04:44:55.624+0000] {logging_mixin.py:190} INFO - [2024-10-06T04:44:55.624+0000] {dagbag.py:588} INFO - Filling up the DagBag from /opt/airflow/dags/hello_world.py
[2024-10-06T04:44:55.630+0000] {processor.py:925} INFO - DAG(s) 'hello_world_dini' retrieved from /opt/airflow/dags/hello_world.py
[2024-10-06T04:44:55.643+0000] {logging_mixin.py:190} INFO - [2024-10-06T04:44:55.643+0000] {dag.py:3239} INFO - Sync 1 DAGs
[2024-10-06T04:44:55.661+0000] {logging_mixin.py:190} INFO - [2024-10-06T04:44:55.661+0000] {dag.py:4180} INFO - Setting next_dagrun for hello_world_dini to 2024-10-06 00:00:00+00:00, run_after=2024-10-07 00:00:00+00:00
[2024-10-06T04:44:55.677+0000] {processor.py:208} INFO - Processing /opt/airflow/dags/hello_world.py took 0.060 seconds
[2024-10-06T04:45:26.162+0000] {processor.py:186} INFO - Started process (PID=4225) to work on /opt/airflow/dags/hello_world.py
[2024-10-06T04:45:26.163+0000] {processor.py:914} INFO - Processing file /opt/airflow/dags/hello_world.py for tasks to queue
[2024-10-06T04:45:26.164+0000] {logging_mixin.py:190} INFO - [2024-10-06T04:45:26.164+0000] {dagbag.py:588} INFO - Filling up the DagBag from /opt/airflow/dags/hello_world.py
[2024-10-06T04:45:26.172+0000] {processor.py:925} INFO - DAG(s) 'hello_world_dini' retrieved from /opt/airflow/dags/hello_world.py
[2024-10-06T04:45:26.186+0000] {logging_mixin.py:190} INFO - [2024-10-06T04:45:26.186+0000] {dag.py:3239} INFO - Sync 1 DAGs
[2024-10-06T04:45:26.204+0000] {logging_mixin.py:190} INFO - [2024-10-06T04:45:26.204+0000] {dag.py:4180} INFO - Setting next_dagrun for hello_world_dini to 2024-10-06 00:00:00+00:00, run_after=2024-10-07 00:00:00+00:00
[2024-10-06T04:45:26.220+0000] {processor.py:208} INFO - Processing /opt/airflow/dags/hello_world.py took 0.062 seconds
[2024-10-06T04:45:56.773+0000] {processor.py:186} INFO - Started process (PID=4289) to work on /opt/airflow/dags/hello_world.py
[2024-10-06T04:45:56.773+0000] {processor.py:914} INFO - Processing file /opt/airflow/dags/hello_world.py for tasks to queue
[2024-10-06T04:45:56.775+0000] {logging_mixin.py:190} INFO - [2024-10-06T04:45:56.775+0000] {dagbag.py:588} INFO - Filling up the DagBag from /opt/airflow/dags/hello_world.py
[2024-10-06T04:45:56.782+0000] {processor.py:925} INFO - DAG(s) 'hello_world_dini' retrieved from /opt/airflow/dags/hello_world.py
[2024-10-06T04:45:56.795+0000] {logging_mixin.py:190} INFO - [2024-10-06T04:45:56.795+0000] {dag.py:3239} INFO - Sync 1 DAGs
[2024-10-06T04:45:56.813+0000] {logging_mixin.py:190} INFO - [2024-10-06T04:45:56.812+0000] {dag.py:4180} INFO - Setting next_dagrun for hello_world_dini to 2024-10-06 00:00:00+00:00, run_after=2024-10-07 00:00:00+00:00
[2024-10-06T04:45:56.834+0000] {processor.py:208} INFO - Processing /opt/airflow/dags/hello_world.py took 0.067 seconds
[2024-10-06T04:46:27.246+0000] {processor.py:186} INFO - Started process (PID=4352) to work on /opt/airflow/dags/hello_world.py
[2024-10-06T04:46:27.246+0000] {processor.py:914} INFO - Processing file /opt/airflow/dags/hello_world.py for tasks to queue
[2024-10-06T04:46:27.248+0000] {logging_mixin.py:190} INFO - [2024-10-06T04:46:27.248+0000] {dagbag.py:588} INFO - Filling up the DagBag from /opt/airflow/dags/hello_world.py
[2024-10-06T04:46:27.254+0000] {processor.py:925} INFO - DAG(s) 'hello_world_dini' retrieved from /opt/airflow/dags/hello_world.py
[2024-10-06T04:46:27.268+0000] {logging_mixin.py:190} INFO - [2024-10-06T04:46:27.268+0000] {dag.py:3239} INFO - Sync 1 DAGs
[2024-10-06T04:46:27.289+0000] {logging_mixin.py:190} INFO - [2024-10-06T04:46:27.289+0000] {dag.py:4180} INFO - Setting next_dagrun for hello_world_dini to 2024-10-06 00:00:00+00:00, run_after=2024-10-07 00:00:00+00:00
[2024-10-06T04:46:27.312+0000] {processor.py:208} INFO - Processing /opt/airflow/dags/hello_world.py took 0.070 seconds
[2024-10-06T04:46:57.721+0000] {processor.py:186} INFO - Started process (PID=4416) to work on /opt/airflow/dags/hello_world.py
[2024-10-06T04:46:57.721+0000] {processor.py:914} INFO - Processing file /opt/airflow/dags/hello_world.py for tasks to queue
[2024-10-06T04:46:57.723+0000] {logging_mixin.py:190} INFO - [2024-10-06T04:46:57.723+0000] {dagbag.py:588} INFO - Filling up the DagBag from /opt/airflow/dags/hello_world.py
[2024-10-06T04:46:57.729+0000] {processor.py:925} INFO - DAG(s) 'hello_world_dini' retrieved from /opt/airflow/dags/hello_world.py
[2024-10-06T04:46:57.743+0000] {logging_mixin.py:190} INFO - [2024-10-06T04:46:57.743+0000] {dag.py:3239} INFO - Sync 1 DAGs
[2024-10-06T04:46:57.762+0000] {logging_mixin.py:190} INFO - [2024-10-06T04:46:57.761+0000] {dag.py:4180} INFO - Setting next_dagrun for hello_world_dini to 2024-10-06 00:00:00+00:00, run_after=2024-10-07 00:00:00+00:00
[2024-10-06T04:46:57.777+0000] {processor.py:208} INFO - Processing /opt/airflow/dags/hello_world.py took 0.061 seconds
[2024-10-06T04:47:28.049+0000] {processor.py:186} INFO - Started process (PID=4479) to work on /opt/airflow/dags/hello_world.py
[2024-10-06T04:47:28.049+0000] {processor.py:914} INFO - Processing file /opt/airflow/dags/hello_world.py for tasks to queue
[2024-10-06T04:47:28.051+0000] {logging_mixin.py:190} INFO - [2024-10-06T04:47:28.051+0000] {dagbag.py:588} INFO - Filling up the DagBag from /opt/airflow/dags/hello_world.py
[2024-10-06T04:47:28.057+0000] {processor.py:925} INFO - DAG(s) 'hello_world_dini' retrieved from /opt/airflow/dags/hello_world.py
[2024-10-06T04:47:28.070+0000] {logging_mixin.py:190} INFO - [2024-10-06T04:47:28.070+0000] {dag.py:3239} INFO - Sync 1 DAGs
[2024-10-06T04:47:28.088+0000] {logging_mixin.py:190} INFO - [2024-10-06T04:47:28.088+0000] {dag.py:4180} INFO - Setting next_dagrun for hello_world_dini to 2024-10-06 00:00:00+00:00, run_after=2024-10-07 00:00:00+00:00
[2024-10-06T04:47:28.107+0000] {processor.py:208} INFO - Processing /opt/airflow/dags/hello_world.py took 0.063 seconds
[2024-10-06T04:47:58.351+0000] {processor.py:186} INFO - Started process (PID=4542) to work on /opt/airflow/dags/hello_world.py
[2024-10-06T04:47:58.351+0000] {processor.py:914} INFO - Processing file /opt/airflow/dags/hello_world.py for tasks to queue
[2024-10-06T04:47:58.353+0000] {logging_mixin.py:190} INFO - [2024-10-06T04:47:58.353+0000] {dagbag.py:588} INFO - Filling up the DagBag from /opt/airflow/dags/hello_world.py
[2024-10-06T04:47:58.359+0000] {processor.py:925} INFO - DAG(s) 'hello_world_dini' retrieved from /opt/airflow/dags/hello_world.py
[2024-10-06T04:47:58.372+0000] {logging_mixin.py:190} INFO - [2024-10-06T04:47:58.372+0000] {dag.py:3239} INFO - Sync 1 DAGs
[2024-10-06T04:47:58.390+0000] {logging_mixin.py:190} INFO - [2024-10-06T04:47:58.390+0000] {dag.py:4180} INFO - Setting next_dagrun for hello_world_dini to 2024-10-06 00:00:00+00:00, run_after=2024-10-07 00:00:00+00:00
[2024-10-06T04:47:58.405+0000] {processor.py:208} INFO - Processing /opt/airflow/dags/hello_world.py took 0.058 seconds
[2024-10-06T04:48:28.571+0000] {processor.py:186} INFO - Started process (PID=4605) to work on /opt/airflow/dags/hello_world.py
[2024-10-06T04:48:28.571+0000] {processor.py:914} INFO - Processing file /opt/airflow/dags/hello_world.py for tasks to queue
[2024-10-06T04:48:28.573+0000] {logging_mixin.py:190} INFO - [2024-10-06T04:48:28.573+0000] {dagbag.py:588} INFO - Filling up the DagBag from /opt/airflow/dags/hello_world.py
[2024-10-06T04:48:28.579+0000] {processor.py:925} INFO - DAG(s) 'hello_world_dini' retrieved from /opt/airflow/dags/hello_world.py
[2024-10-06T04:48:28.593+0000] {logging_mixin.py:190} INFO - [2024-10-06T04:48:28.593+0000] {dag.py:3239} INFO - Sync 1 DAGs
[2024-10-06T04:48:28.610+0000] {logging_mixin.py:190} INFO - [2024-10-06T04:48:28.610+0000] {dag.py:4180} INFO - Setting next_dagrun for hello_world_dini to 2024-10-06 00:00:00+00:00, run_after=2024-10-07 00:00:00+00:00
[2024-10-06T04:48:28.632+0000] {processor.py:208} INFO - Processing /opt/airflow/dags/hello_world.py took 0.066 seconds
[2024-10-06T04:48:58.920+0000] {processor.py:186} INFO - Started process (PID=4674) to work on /opt/airflow/dags/hello_world.py
[2024-10-06T04:48:58.920+0000] {processor.py:914} INFO - Processing file /opt/airflow/dags/hello_world.py for tasks to queue
[2024-10-06T04:48:58.922+0000] {logging_mixin.py:190} INFO - [2024-10-06T04:48:58.922+0000] {dagbag.py:588} INFO - Filling up the DagBag from /opt/airflow/dags/hello_world.py
[2024-10-06T04:48:58.928+0000] {processor.py:925} INFO - DAG(s) 'hello_world_dini' retrieved from /opt/airflow/dags/hello_world.py
[2024-10-06T04:48:58.941+0000] {logging_mixin.py:190} INFO - [2024-10-06T04:48:58.941+0000] {dag.py:3239} INFO - Sync 1 DAGs
[2024-10-06T04:48:58.959+0000] {logging_mixin.py:190} INFO - [2024-10-06T04:48:58.959+0000] {dag.py:4180} INFO - Setting next_dagrun for hello_world_dini to 2024-10-06 00:00:00+00:00, run_after=2024-10-07 00:00:00+00:00
[2024-10-06T04:48:58.977+0000] {processor.py:208} INFO - Processing /opt/airflow/dags/hello_world.py took 0.061 seconds
[2024-10-06T04:49:29.276+0000] {processor.py:186} INFO - Started process (PID=4738) to work on /opt/airflow/dags/hello_world.py
[2024-10-06T04:49:29.277+0000] {processor.py:914} INFO - Processing file /opt/airflow/dags/hello_world.py for tasks to queue
[2024-10-06T04:49:29.278+0000] {logging_mixin.py:190} INFO - [2024-10-06T04:49:29.278+0000] {dagbag.py:588} INFO - Filling up the DagBag from /opt/airflow/dags/hello_world.py
[2024-10-06T04:49:29.285+0000] {processor.py:925} INFO - DAG(s) 'hello_world_dini' retrieved from /opt/airflow/dags/hello_world.py
[2024-10-06T04:49:29.297+0000] {logging_mixin.py:190} INFO - [2024-10-06T04:49:29.297+0000] {dag.py:3239} INFO - Sync 1 DAGs
[2024-10-06T04:49:29.316+0000] {logging_mixin.py:190} INFO - [2024-10-06T04:49:29.315+0000] {dag.py:4180} INFO - Setting next_dagrun for hello_world_dini to 2024-10-06 00:00:00+00:00, run_after=2024-10-07 00:00:00+00:00
[2024-10-06T04:49:29.334+0000] {processor.py:208} INFO - Processing /opt/airflow/dags/hello_world.py took 0.062 seconds
[2024-10-06T04:49:59.496+0000] {processor.py:186} INFO - Started process (PID=4802) to work on /opt/airflow/dags/hello_world.py
[2024-10-06T04:49:59.497+0000] {processor.py:914} INFO - Processing file /opt/airflow/dags/hello_world.py for tasks to queue
[2024-10-06T04:49:59.498+0000] {logging_mixin.py:190} INFO - [2024-10-06T04:49:59.498+0000] {dagbag.py:588} INFO - Filling up the DagBag from /opt/airflow/dags/hello_world.py
[2024-10-06T04:49:59.505+0000] {processor.py:925} INFO - DAG(s) 'hello_world_dini' retrieved from /opt/airflow/dags/hello_world.py
[2024-10-06T04:49:59.518+0000] {logging_mixin.py:190} INFO - [2024-10-06T04:49:59.517+0000] {dag.py:3239} INFO - Sync 1 DAGs
[2024-10-06T04:49:59.536+0000] {logging_mixin.py:190} INFO - [2024-10-06T04:49:59.535+0000] {dag.py:4180} INFO - Setting next_dagrun for hello_world_dini to 2024-10-06 00:00:00+00:00, run_after=2024-10-07 00:00:00+00:00
[2024-10-06T04:49:59.562+0000] {processor.py:208} INFO - Processing /opt/airflow/dags/hello_world.py took 0.070 seconds
[2024-10-06T04:50:29.732+0000] {processor.py:186} INFO - Started process (PID=4865) to work on /opt/airflow/dags/hello_world.py
[2024-10-06T04:50:29.733+0000] {processor.py:914} INFO - Processing file /opt/airflow/dags/hello_world.py for tasks to queue
[2024-10-06T04:50:29.735+0000] {logging_mixin.py:190} INFO - [2024-10-06T04:50:29.735+0000] {dagbag.py:588} INFO - Filling up the DagBag from /opt/airflow/dags/hello_world.py
[2024-10-06T04:50:29.742+0000] {processor.py:925} INFO - DAG(s) 'hello_world_dini' retrieved from /opt/airflow/dags/hello_world.py
[2024-10-06T04:50:29.756+0000] {logging_mixin.py:190} INFO - [2024-10-06T04:50:29.755+0000] {dag.py:3239} INFO - Sync 1 DAGs
[2024-10-06T04:50:29.774+0000] {logging_mixin.py:190} INFO - [2024-10-06T04:50:29.773+0000] {dag.py:4180} INFO - Setting next_dagrun for hello_world_dini to 2024-10-06 00:00:00+00:00, run_after=2024-10-07 00:00:00+00:00
[2024-10-06T04:50:29.789+0000] {processor.py:208} INFO - Processing /opt/airflow/dags/hello_world.py took 0.062 seconds
[2024-10-06T04:51:00.081+0000] {processor.py:186} INFO - Started process (PID=4928) to work on /opt/airflow/dags/hello_world.py
[2024-10-06T04:51:00.082+0000] {processor.py:914} INFO - Processing file /opt/airflow/dags/hello_world.py for tasks to queue
[2024-10-06T04:51:00.084+0000] {logging_mixin.py:190} INFO - [2024-10-06T04:51:00.084+0000] {dagbag.py:588} INFO - Filling up the DagBag from /opt/airflow/dags/hello_world.py
[2024-10-06T04:51:00.090+0000] {processor.py:925} INFO - DAG(s) 'hello_world_dini' retrieved from /opt/airflow/dags/hello_world.py
[2024-10-06T04:51:00.105+0000] {logging_mixin.py:190} INFO - [2024-10-06T04:51:00.105+0000] {dag.py:3239} INFO - Sync 1 DAGs
[2024-10-06T04:51:00.123+0000] {logging_mixin.py:190} INFO - [2024-10-06T04:51:00.123+0000] {dag.py:4180} INFO - Setting next_dagrun for hello_world_dini to 2024-10-06 00:00:00+00:00, run_after=2024-10-07 00:00:00+00:00
[2024-10-06T04:51:00.153+0000] {processor.py:208} INFO - Processing /opt/airflow/dags/hello_world.py took 0.077 seconds
[2024-10-06T04:51:30.363+0000] {processor.py:186} INFO - Started process (PID=4991) to work on /opt/airflow/dags/hello_world.py
[2024-10-06T04:51:30.364+0000] {processor.py:914} INFO - Processing file /opt/airflow/dags/hello_world.py for tasks to queue
[2024-10-06T04:51:30.366+0000] {logging_mixin.py:190} INFO - [2024-10-06T04:51:30.365+0000] {dagbag.py:588} INFO - Filling up the DagBag from /opt/airflow/dags/hello_world.py
[2024-10-06T04:51:30.372+0000] {processor.py:925} INFO - DAG(s) 'hello_world_dini' retrieved from /opt/airflow/dags/hello_world.py
[2024-10-06T04:51:30.385+0000] {logging_mixin.py:190} INFO - [2024-10-06T04:51:30.385+0000] {dag.py:3239} INFO - Sync 1 DAGs
[2024-10-06T04:51:30.403+0000] {logging_mixin.py:190} INFO - [2024-10-06T04:51:30.403+0000] {dag.py:4180} INFO - Setting next_dagrun for hello_world_dini to 2024-10-06 00:00:00+00:00, run_after=2024-10-07 00:00:00+00:00
[2024-10-06T04:51:30.420+0000] {processor.py:208} INFO - Processing /opt/airflow/dags/hello_world.py took 0.062 seconds
[2024-10-06T04:52:00.812+0000] {processor.py:186} INFO - Started process (PID=5055) to work on /opt/airflow/dags/hello_world.py
[2024-10-06T04:52:00.812+0000] {processor.py:914} INFO - Processing file /opt/airflow/dags/hello_world.py for tasks to queue
[2024-10-06T04:52:00.814+0000] {logging_mixin.py:190} INFO - [2024-10-06T04:52:00.814+0000] {dagbag.py:588} INFO - Filling up the DagBag from /opt/airflow/dags/hello_world.py
[2024-10-06T04:52:00.820+0000] {processor.py:925} INFO - DAG(s) 'hello_world_dini' retrieved from /opt/airflow/dags/hello_world.py
[2024-10-06T04:52:00.834+0000] {logging_mixin.py:190} INFO - [2024-10-06T04:52:00.834+0000] {dag.py:3239} INFO - Sync 1 DAGs
[2024-10-06T04:52:00.854+0000] {logging_mixin.py:190} INFO - [2024-10-06T04:52:00.853+0000] {dag.py:4180} INFO - Setting next_dagrun for hello_world_dini to 2024-10-06 00:00:00+00:00, run_after=2024-10-07 00:00:00+00:00
[2024-10-06T04:52:00.874+0000] {processor.py:208} INFO - Processing /opt/airflow/dags/hello_world.py took 0.066 seconds
[2024-10-06T04:52:31.643+0000] {processor.py:186} INFO - Started process (PID=5120) to work on /opt/airflow/dags/hello_world.py
[2024-10-06T04:52:31.643+0000] {processor.py:914} INFO - Processing file /opt/airflow/dags/hello_world.py for tasks to queue
[2024-10-06T04:52:31.645+0000] {logging_mixin.py:190} INFO - [2024-10-06T04:52:31.645+0000] {dagbag.py:588} INFO - Filling up the DagBag from /opt/airflow/dags/hello_world.py
[2024-10-06T04:52:31.652+0000] {processor.py:925} INFO - DAG(s) 'hello_world_dini' retrieved from /opt/airflow/dags/hello_world.py
[2024-10-06T04:52:31.666+0000] {logging_mixin.py:190} INFO - [2024-10-06T04:52:31.665+0000] {dag.py:3239} INFO - Sync 1 DAGs
[2024-10-06T04:52:31.683+0000] {logging_mixin.py:190} INFO - [2024-10-06T04:52:31.683+0000] {dag.py:4180} INFO - Setting next_dagrun for hello_world_dini to 2024-10-06 00:00:00+00:00, run_after=2024-10-07 00:00:00+00:00
[2024-10-06T04:52:31.701+0000] {processor.py:208} INFO - Processing /opt/airflow/dags/hello_world.py took 0.062 seconds
[2024-10-06T04:53:02.187+0000] {processor.py:186} INFO - Started process (PID=5184) to work on /opt/airflow/dags/hello_world.py
[2024-10-06T04:53:02.187+0000] {processor.py:914} INFO - Processing file /opt/airflow/dags/hello_world.py for tasks to queue
[2024-10-06T04:53:02.189+0000] {logging_mixin.py:190} INFO - [2024-10-06T04:53:02.189+0000] {dagbag.py:588} INFO - Filling up the DagBag from /opt/airflow/dags/hello_world.py
[2024-10-06T04:53:02.196+0000] {processor.py:925} INFO - DAG(s) 'hello_world_dini' retrieved from /opt/airflow/dags/hello_world.py
[2024-10-06T04:53:02.209+0000] {logging_mixin.py:190} INFO - [2024-10-06T04:53:02.209+0000] {dag.py:3239} INFO - Sync 1 DAGs
[2024-10-06T04:53:02.227+0000] {logging_mixin.py:190} INFO - [2024-10-06T04:53:02.227+0000] {dag.py:4180} INFO - Setting next_dagrun for hello_world_dini to 2024-10-06 00:00:00+00:00, run_after=2024-10-07 00:00:00+00:00
[2024-10-06T04:53:02.252+0000] {processor.py:208} INFO - Processing /opt/airflow/dags/hello_world.py took 0.070 seconds
[2024-10-06T04:53:32.685+0000] {processor.py:186} INFO - Started process (PID=5249) to work on /opt/airflow/dags/hello_world.py
[2024-10-06T04:53:32.686+0000] {processor.py:914} INFO - Processing file /opt/airflow/dags/hello_world.py for tasks to queue
[2024-10-06T04:53:32.688+0000] {logging_mixin.py:190} INFO - [2024-10-06T04:53:32.687+0000] {dagbag.py:588} INFO - Filling up the DagBag from /opt/airflow/dags/hello_world.py
[2024-10-06T04:53:32.694+0000] {processor.py:925} INFO - DAG(s) 'hello_world_dini' retrieved from /opt/airflow/dags/hello_world.py
[2024-10-06T04:53:32.708+0000] {logging_mixin.py:190} INFO - [2024-10-06T04:53:32.708+0000] {dag.py:3239} INFO - Sync 1 DAGs
[2024-10-06T04:53:32.726+0000] {logging_mixin.py:190} INFO - [2024-10-06T04:53:32.726+0000] {dag.py:4180} INFO - Setting next_dagrun for hello_world_dini to 2024-10-06 00:00:00+00:00, run_after=2024-10-07 00:00:00+00:00
[2024-10-06T04:53:32.748+0000] {processor.py:208} INFO - Processing /opt/airflow/dags/hello_world.py took 0.067 seconds
[2024-10-06T04:54:03.241+0000] {processor.py:186} INFO - Started process (PID=5313) to work on /opt/airflow/dags/hello_world.py
[2024-10-06T04:54:03.242+0000] {processor.py:914} INFO - Processing file /opt/airflow/dags/hello_world.py for tasks to queue
[2024-10-06T04:54:03.243+0000] {logging_mixin.py:190} INFO - [2024-10-06T04:54:03.243+0000] {dagbag.py:588} INFO - Filling up the DagBag from /opt/airflow/dags/hello_world.py
[2024-10-06T04:54:03.250+0000] {processor.py:925} INFO - DAG(s) 'hello_world_dini' retrieved from /opt/airflow/dags/hello_world.py
[2024-10-06T04:54:03.264+0000] {logging_mixin.py:190} INFO - [2024-10-06T04:54:03.264+0000] {dag.py:3239} INFO - Sync 1 DAGs
[2024-10-06T04:54:03.282+0000] {logging_mixin.py:190} INFO - [2024-10-06T04:54:03.282+0000] {dag.py:4180} INFO - Setting next_dagrun for hello_world_dini to 2024-10-06 00:00:00+00:00, run_after=2024-10-07 00:00:00+00:00
[2024-10-06T04:54:03.300+0000] {processor.py:208} INFO - Processing /opt/airflow/dags/hello_world.py took 0.063 seconds
[2024-10-06T04:54:33.782+0000] {processor.py:186} INFO - Started process (PID=5377) to work on /opt/airflow/dags/hello_world.py
[2024-10-06T04:54:33.782+0000] {processor.py:914} INFO - Processing file /opt/airflow/dags/hello_world.py for tasks to queue
[2024-10-06T04:54:33.784+0000] {logging_mixin.py:190} INFO - [2024-10-06T04:54:33.784+0000] {dagbag.py:588} INFO - Filling up the DagBag from /opt/airflow/dags/hello_world.py
[2024-10-06T04:54:33.790+0000] {processor.py:925} INFO - DAG(s) 'hello_world_dini' retrieved from /opt/airflow/dags/hello_world.py
[2024-10-06T04:54:33.804+0000] {logging_mixin.py:190} INFO - [2024-10-06T04:54:33.804+0000] {dag.py:3239} INFO - Sync 1 DAGs
[2024-10-06T04:54:33.822+0000] {logging_mixin.py:190} INFO - [2024-10-06T04:54:33.822+0000] {dag.py:4180} INFO - Setting next_dagrun for hello_world_dini to 2024-10-06 00:00:00+00:00, run_after=2024-10-07 00:00:00+00:00
[2024-10-06T04:54:33.840+0000] {processor.py:208} INFO - Processing /opt/airflow/dags/hello_world.py took 0.063 seconds
[2024-10-06T04:55:04.255+0000] {processor.py:186} INFO - Started process (PID=5442) to work on /opt/airflow/dags/hello_world.py
[2024-10-06T04:55:04.255+0000] {processor.py:914} INFO - Processing file /opt/airflow/dags/hello_world.py for tasks to queue
[2024-10-06T04:55:04.257+0000] {logging_mixin.py:190} INFO - [2024-10-06T04:55:04.257+0000] {dagbag.py:588} INFO - Filling up the DagBag from /opt/airflow/dags/hello_world.py
[2024-10-06T04:55:04.263+0000] {processor.py:925} INFO - DAG(s) 'hello_world_dini' retrieved from /opt/airflow/dags/hello_world.py
[2024-10-06T04:55:04.278+0000] {logging_mixin.py:190} INFO - [2024-10-06T04:55:04.277+0000] {dag.py:3239} INFO - Sync 1 DAGs
[2024-10-06T04:55:04.296+0000] {logging_mixin.py:190} INFO - [2024-10-06T04:55:04.296+0000] {dag.py:4180} INFO - Setting next_dagrun for hello_world_dini to 2024-10-06 00:00:00+00:00, run_after=2024-10-07 00:00:00+00:00
[2024-10-06T04:55:04.316+0000] {processor.py:208} INFO - Processing /opt/airflow/dags/hello_world.py took 0.066 seconds
[2024-10-06T04:55:34.566+0000] {processor.py:186} INFO - Started process (PID=5506) to work on /opt/airflow/dags/hello_world.py
[2024-10-06T04:55:34.567+0000] {processor.py:914} INFO - Processing file /opt/airflow/dags/hello_world.py for tasks to queue
[2024-10-06T04:55:34.569+0000] {logging_mixin.py:190} INFO - [2024-10-06T04:55:34.569+0000] {dagbag.py:588} INFO - Filling up the DagBag from /opt/airflow/dags/hello_world.py
[2024-10-06T04:55:34.575+0000] {processor.py:925} INFO - DAG(s) 'hello_world_dini' retrieved from /opt/airflow/dags/hello_world.py
[2024-10-06T04:55:34.589+0000] {logging_mixin.py:190} INFO - [2024-10-06T04:55:34.589+0000] {dag.py:3239} INFO - Sync 1 DAGs
[2024-10-06T04:55:34.608+0000] {logging_mixin.py:190} INFO - [2024-10-06T04:55:34.607+0000] {dag.py:4180} INFO - Setting next_dagrun for hello_world_dini to 2024-10-06 00:00:00+00:00, run_after=2024-10-07 00:00:00+00:00
[2024-10-06T04:55:34.626+0000] {processor.py:208} INFO - Processing /opt/airflow/dags/hello_world.py took 0.064 seconds
[2024-10-06T04:56:04.863+0000] {processor.py:186} INFO - Started process (PID=5571) to work on /opt/airflow/dags/hello_world.py
[2024-10-06T04:56:04.864+0000] {processor.py:914} INFO - Processing file /opt/airflow/dags/hello_world.py for tasks to queue
[2024-10-06T04:56:04.866+0000] {logging_mixin.py:190} INFO - [2024-10-06T04:56:04.866+0000] {dagbag.py:588} INFO - Filling up the DagBag from /opt/airflow/dags/hello_world.py
[2024-10-06T04:56:04.872+0000] {processor.py:925} INFO - DAG(s) 'hello_world_dini' retrieved from /opt/airflow/dags/hello_world.py
[2024-10-06T04:56:04.886+0000] {logging_mixin.py:190} INFO - [2024-10-06T04:56:04.885+0000] {dag.py:3239} INFO - Sync 1 DAGs
[2024-10-06T04:56:04.904+0000] {logging_mixin.py:190} INFO - [2024-10-06T04:56:04.904+0000] {dag.py:4180} INFO - Setting next_dagrun for hello_world_dini to 2024-10-06 00:00:00+00:00, run_after=2024-10-07 00:00:00+00:00
[2024-10-06T04:56:04.925+0000] {processor.py:208} INFO - Processing /opt/airflow/dags/hello_world.py took 0.066 seconds
[2024-10-06T04:56:35.305+0000] {processor.py:186} INFO - Started process (PID=5635) to work on /opt/airflow/dags/hello_world.py
[2024-10-06T04:56:35.306+0000] {processor.py:914} INFO - Processing file /opt/airflow/dags/hello_world.py for tasks to queue
[2024-10-06T04:56:35.307+0000] {logging_mixin.py:190} INFO - [2024-10-06T04:56:35.307+0000] {dagbag.py:588} INFO - Filling up the DagBag from /opt/airflow/dags/hello_world.py
[2024-10-06T04:56:35.314+0000] {processor.py:925} INFO - DAG(s) 'hello_world_dini' retrieved from /opt/airflow/dags/hello_world.py
[2024-10-06T04:56:35.328+0000] {logging_mixin.py:190} INFO - [2024-10-06T04:56:35.327+0000] {dag.py:3239} INFO - Sync 1 DAGs
[2024-10-06T04:56:35.345+0000] {logging_mixin.py:190} INFO - [2024-10-06T04:56:35.345+0000] {dag.py:4180} INFO - Setting next_dagrun for hello_world_dini to 2024-10-06 00:00:00+00:00, run_after=2024-10-07 00:00:00+00:00
[2024-10-06T04:56:35.363+0000] {processor.py:208} INFO - Processing /opt/airflow/dags/hello_world.py took 0.063 seconds
