[2024-10-06T04:51:57.786+0000] {processor.py:186} INFO - Started process (PID=5048) to work on /opt/airflow/dags/multiple_task.py
[2024-10-06T04:51:57.787+0000] {processor.py:914} INFO - Processing file /opt/airflow/dags/multiple_task.py for tasks to queue
[2024-10-06T04:51:57.788+0000] {logging_mixin.py:190} INFO - [2024-10-06T04:51:57.788+0000] {dagbag.py:588} INFO - Filling up the DagBag from /opt/airflow/dags/multiple_task.py
[2024-10-06T04:51:57.796+0000] {processor.py:925} INFO - DAG(s) 'multiple_tasks_dini' retrieved from /opt/airflow/dags/multiple_task.py
[2024-10-06T04:51:57.896+0000] {logging_mixin.py:190} INFO - [2024-10-06T04:51:57.896+0000] {override.py:1900} INFO - Created Permission View: can read on DAG:multiple_tasks_dini
[2024-10-06T04:51:57.908+0000] {logging_mixin.py:190} INFO - [2024-10-06T04:51:57.908+0000] {override.py:1900} INFO - Created Permission View: can edit on DAG:multiple_tasks_dini
[2024-10-06T04:51:57.916+0000] {logging_mixin.py:190} INFO - [2024-10-06T04:51:57.916+0000] {override.py:1900} INFO - Created Permission View: can delete on DAG:multiple_tasks_dini
[2024-10-06T04:51:57.930+0000] {logging_mixin.py:190} INFO - [2024-10-06T04:51:57.929+0000] {override.py:1900} INFO - Created Permission View: can read on DAG Run:multiple_tasks_dini
[2024-10-06T04:51:57.940+0000] {logging_mixin.py:190} INFO - [2024-10-06T04:51:57.940+0000] {override.py:1900} INFO - Created Permission View: can delete on DAG Run:multiple_tasks_dini
[2024-10-06T04:51:57.963+0000] {logging_mixin.py:190} INFO - [2024-10-06T04:51:57.963+0000] {override.py:1900} INFO - Created Permission View: menu access on DAG Run:multiple_tasks_dini
[2024-10-06T04:51:57.972+0000] {logging_mixin.py:190} INFO - [2024-10-06T04:51:57.972+0000] {override.py:1900} INFO - Created Permission View: can create on DAG Run:multiple_tasks_dini
[2024-10-06T04:51:57.972+0000] {logging_mixin.py:190} INFO - [2024-10-06T04:51:57.972+0000] {dag.py:3239} INFO - Sync 1 DAGs
[2024-10-06T04:51:57.982+0000] {logging_mixin.py:190} INFO - [2024-10-06T04:51:57.982+0000] {dag.py:3262} INFO - Creating ORM DAG for multiple_tasks_dini
[2024-10-06T04:51:57.990+0000] {logging_mixin.py:190} INFO - [2024-10-06T04:51:57.990+0000] {dag.py:4180} INFO - Setting next_dagrun for multiple_tasks_dini to 2024-10-06 03:00:00+00:00, run_after=2024-10-06 04:00:00+00:00
[2024-10-06T04:51:58.004+0000] {processor.py:208} INFO - Processing /opt/airflow/dags/multiple_task.py took 0.223 seconds
[2024-10-06T04:52:28.619+0000] {processor.py:186} INFO - Started process (PID=5112) to work on /opt/airflow/dags/multiple_task.py
[2024-10-06T04:52:28.620+0000] {processor.py:914} INFO - Processing file /opt/airflow/dags/multiple_task.py for tasks to queue
[2024-10-06T04:52:28.621+0000] {logging_mixin.py:190} INFO - [2024-10-06T04:52:28.621+0000] {dagbag.py:588} INFO - Filling up the DagBag from /opt/airflow/dags/multiple_task.py
[2024-10-06T04:52:28.628+0000] {processor.py:925} INFO - DAG(s) 'multiple_tasks_dini' retrieved from /opt/airflow/dags/multiple_task.py
[2024-10-06T04:52:28.642+0000] {logging_mixin.py:190} INFO - [2024-10-06T04:52:28.642+0000] {dag.py:3239} INFO - Sync 1 DAGs
[2024-10-06T04:52:28.661+0000] {logging_mixin.py:190} INFO - [2024-10-06T04:52:28.661+0000] {dag.py:4180} INFO - Setting next_dagrun for multiple_tasks_dini to 2024-10-06 04:00:00+00:00, run_after=2024-10-06 05:00:00+00:00
[2024-10-06T04:52:28.677+0000] {processor.py:208} INFO - Processing /opt/airflow/dags/multiple_task.py took 0.062 seconds
[2024-10-06T04:52:59.163+0000] {processor.py:186} INFO - Started process (PID=5177) to work on /opt/airflow/dags/multiple_task.py
[2024-10-06T04:52:59.163+0000] {processor.py:914} INFO - Processing file /opt/airflow/dags/multiple_task.py for tasks to queue
[2024-10-06T04:52:59.165+0000] {logging_mixin.py:190} INFO - [2024-10-06T04:52:59.164+0000] {dagbag.py:588} INFO - Filling up the DagBag from /opt/airflow/dags/multiple_task.py
[2024-10-06T04:52:59.172+0000] {processor.py:925} INFO - DAG(s) 'multiple_tasks_dini' retrieved from /opt/airflow/dags/multiple_task.py
[2024-10-06T04:52:59.185+0000] {logging_mixin.py:190} INFO - [2024-10-06T04:52:59.185+0000] {dag.py:3239} INFO - Sync 1 DAGs
[2024-10-06T04:52:59.204+0000] {logging_mixin.py:190} INFO - [2024-10-06T04:52:59.203+0000] {dag.py:4180} INFO - Setting next_dagrun for multiple_tasks_dini to 2024-10-06 04:00:00+00:00, run_after=2024-10-06 05:00:00+00:00
[2024-10-06T04:52:59.220+0000] {processor.py:208} INFO - Processing /opt/airflow/dags/multiple_task.py took 0.062 seconds
[2024-10-06T04:53:29.661+0000] {processor.py:186} INFO - Started process (PID=5248) to work on /opt/airflow/dags/multiple_task.py
[2024-10-06T04:53:29.661+0000] {processor.py:914} INFO - Processing file /opt/airflow/dags/multiple_task.py for tasks to queue
[2024-10-06T04:53:29.663+0000] {logging_mixin.py:190} INFO - [2024-10-06T04:53:29.663+0000] {dagbag.py:588} INFO - Filling up the DagBag from /opt/airflow/dags/multiple_task.py
[2024-10-06T04:53:29.670+0000] {processor.py:925} INFO - DAG(s) 'multiple_tasks_dini' retrieved from /opt/airflow/dags/multiple_task.py
[2024-10-06T04:53:29.684+0000] {logging_mixin.py:190} INFO - [2024-10-06T04:53:29.684+0000] {dag.py:3239} INFO - Sync 1 DAGs
[2024-10-06T04:53:29.703+0000] {logging_mixin.py:190} INFO - [2024-10-06T04:53:29.702+0000] {dag.py:4180} INFO - Setting next_dagrun for multiple_tasks_dini to 2024-10-06 04:00:00+00:00, run_after=2024-10-06 05:00:00+00:00
[2024-10-06T04:53:29.719+0000] {processor.py:208} INFO - Processing /opt/airflow/dags/multiple_task.py took 0.063 seconds
[2024-10-06T04:54:00.217+0000] {processor.py:186} INFO - Started process (PID=5312) to work on /opt/airflow/dags/multiple_task.py
[2024-10-06T04:54:00.218+0000] {processor.py:914} INFO - Processing file /opt/airflow/dags/multiple_task.py for tasks to queue
[2024-10-06T04:54:00.220+0000] {logging_mixin.py:190} INFO - [2024-10-06T04:54:00.220+0000] {dagbag.py:588} INFO - Filling up the DagBag from /opt/airflow/dags/multiple_task.py
[2024-10-06T04:54:00.228+0000] {processor.py:925} INFO - DAG(s) 'multiple_tasks_dini' retrieved from /opt/airflow/dags/multiple_task.py
[2024-10-06T04:54:00.243+0000] {logging_mixin.py:190} INFO - [2024-10-06T04:54:00.243+0000] {dag.py:3239} INFO - Sync 1 DAGs
[2024-10-06T04:54:00.262+0000] {logging_mixin.py:190} INFO - [2024-10-06T04:54:00.261+0000] {dag.py:4180} INFO - Setting next_dagrun for multiple_tasks_dini to 2024-10-06 04:00:00+00:00, run_after=2024-10-06 05:00:00+00:00
[2024-10-06T04:54:00.279+0000] {processor.py:208} INFO - Processing /opt/airflow/dags/multiple_task.py took 0.068 seconds
[2024-10-06T04:54:30.757+0000] {processor.py:186} INFO - Started process (PID=5376) to work on /opt/airflow/dags/multiple_task.py
[2024-10-06T04:54:30.758+0000] {processor.py:914} INFO - Processing file /opt/airflow/dags/multiple_task.py for tasks to queue
[2024-10-06T04:54:30.759+0000] {logging_mixin.py:190} INFO - [2024-10-06T04:54:30.759+0000] {dagbag.py:588} INFO - Filling up the DagBag from /opt/airflow/dags/multiple_task.py
[2024-10-06T04:54:30.766+0000] {processor.py:925} INFO - DAG(s) 'multiple_tasks_dini' retrieved from /opt/airflow/dags/multiple_task.py
[2024-10-06T04:54:30.780+0000] {logging_mixin.py:190} INFO - [2024-10-06T04:54:30.780+0000] {dag.py:3239} INFO - Sync 1 DAGs
[2024-10-06T04:54:30.801+0000] {logging_mixin.py:190} INFO - [2024-10-06T04:54:30.800+0000] {dag.py:4180} INFO - Setting next_dagrun for multiple_tasks_dini to 2024-10-06 04:00:00+00:00, run_after=2024-10-06 05:00:00+00:00
[2024-10-06T04:54:30.827+0000] {processor.py:208} INFO - Processing /opt/airflow/dags/multiple_task.py took 0.074 seconds
[2024-10-06T04:55:01.230+0000] {processor.py:186} INFO - Started process (PID=5441) to work on /opt/airflow/dags/multiple_task.py
[2024-10-06T04:55:01.231+0000] {processor.py:914} INFO - Processing file /opt/airflow/dags/multiple_task.py for tasks to queue
[2024-10-06T04:55:01.232+0000] {logging_mixin.py:190} INFO - [2024-10-06T04:55:01.232+0000] {dagbag.py:588} INFO - Filling up the DagBag from /opt/airflow/dags/multiple_task.py
[2024-10-06T04:55:01.240+0000] {processor.py:925} INFO - DAG(s) 'multiple_tasks_dini' retrieved from /opt/airflow/dags/multiple_task.py
[2024-10-06T04:55:01.254+0000] {logging_mixin.py:190} INFO - [2024-10-06T04:55:01.254+0000] {dag.py:3239} INFO - Sync 1 DAGs
[2024-10-06T04:55:01.274+0000] {logging_mixin.py:190} INFO - [2024-10-06T04:55:01.274+0000] {dag.py:4180} INFO - Setting next_dagrun for multiple_tasks_dini to 2024-10-06 04:00:00+00:00, run_after=2024-10-06 05:00:00+00:00
[2024-10-06T04:55:01.291+0000] {processor.py:208} INFO - Processing /opt/airflow/dags/multiple_task.py took 0.065 seconds
[2024-10-06T04:55:31.542+0000] {processor.py:186} INFO - Started process (PID=5505) to work on /opt/airflow/dags/multiple_task.py
[2024-10-06T04:55:31.542+0000] {processor.py:914} INFO - Processing file /opt/airflow/dags/multiple_task.py for tasks to queue
[2024-10-06T04:55:31.544+0000] {logging_mixin.py:190} INFO - [2024-10-06T04:55:31.544+0000] {dagbag.py:588} INFO - Filling up the DagBag from /opt/airflow/dags/multiple_task.py
[2024-10-06T04:55:31.551+0000] {processor.py:925} INFO - DAG(s) 'multiple_tasks_dini' retrieved from /opt/airflow/dags/multiple_task.py
[2024-10-06T04:55:31.564+0000] {logging_mixin.py:190} INFO - [2024-10-06T04:55:31.564+0000] {dag.py:3239} INFO - Sync 1 DAGs
[2024-10-06T04:55:31.583+0000] {logging_mixin.py:190} INFO - [2024-10-06T04:55:31.582+0000] {dag.py:4180} INFO - Setting next_dagrun for multiple_tasks_dini to 2024-10-06 04:00:00+00:00, run_after=2024-10-06 05:00:00+00:00
[2024-10-06T04:55:31.601+0000] {processor.py:208} INFO - Processing /opt/airflow/dags/multiple_task.py took 0.064 seconds
[2024-10-06T04:56:01.839+0000] {processor.py:186} INFO - Started process (PID=5570) to work on /opt/airflow/dags/multiple_task.py
[2024-10-06T04:56:01.839+0000] {processor.py:914} INFO - Processing file /opt/airflow/dags/multiple_task.py for tasks to queue
[2024-10-06T04:56:01.841+0000] {logging_mixin.py:190} INFO - [2024-10-06T04:56:01.841+0000] {dagbag.py:588} INFO - Filling up the DagBag from /opt/airflow/dags/multiple_task.py
[2024-10-06T04:56:01.848+0000] {processor.py:925} INFO - DAG(s) 'multiple_tasks_dini' retrieved from /opt/airflow/dags/multiple_task.py
[2024-10-06T04:56:01.861+0000] {logging_mixin.py:190} INFO - [2024-10-06T04:56:01.861+0000] {dag.py:3239} INFO - Sync 1 DAGs
[2024-10-06T04:56:01.880+0000] {logging_mixin.py:190} INFO - [2024-10-06T04:56:01.880+0000] {dag.py:4180} INFO - Setting next_dagrun for multiple_tasks_dini to 2024-10-06 04:00:00+00:00, run_after=2024-10-06 05:00:00+00:00
[2024-10-06T04:56:01.898+0000] {processor.py:208} INFO - Processing /opt/airflow/dags/multiple_task.py took 0.064 seconds
[2024-10-06T04:56:32.279+0000] {processor.py:186} INFO - Started process (PID=5634) to work on /opt/airflow/dags/multiple_task.py
[2024-10-06T04:56:32.280+0000] {processor.py:914} INFO - Processing file /opt/airflow/dags/multiple_task.py for tasks to queue
[2024-10-06T04:56:32.281+0000] {logging_mixin.py:190} INFO - [2024-10-06T04:56:32.281+0000] {dagbag.py:588} INFO - Filling up the DagBag from /opt/airflow/dags/multiple_task.py
[2024-10-06T04:56:32.288+0000] {processor.py:925} INFO - DAG(s) 'multiple_tasks_dini' retrieved from /opt/airflow/dags/multiple_task.py
[2024-10-06T04:56:32.307+0000] {logging_mixin.py:190} INFO - [2024-10-06T04:56:32.306+0000] {dag.py:3239} INFO - Sync 1 DAGs
[2024-10-06T04:56:32.328+0000] {logging_mixin.py:190} INFO - [2024-10-06T04:56:32.328+0000] {dag.py:4180} INFO - Setting next_dagrun for multiple_tasks_dini to 2024-10-06 04:00:00+00:00, run_after=2024-10-06 05:00:00+00:00
[2024-10-06T04:56:32.347+0000] {processor.py:208} INFO - Processing /opt/airflow/dags/multiple_task.py took 0.072 seconds
