[2024-10-06T04:52:09.388+0000] {local_task_job_runner.py:123} INFO - ::group::Pre task execution logs
[2024-10-06T04:52:09.406+0000] {taskinstance.py:2612} INFO - Dependencies all met for dep_context=non-requeueable deps ti=<TaskInstance: multiple_tasks_dini.print_hello scheduled__2024-10-06T03:00:00+00:00 [queued]>
[2024-10-06T04:52:09.413+0000] {taskinstance.py:2612} INFO - Dependencies all met for dep_context=requeueable deps ti=<TaskInstance: multiple_tasks_dini.print_hello scheduled__2024-10-06T03:00:00+00:00 [queued]>
[2024-10-06T04:52:09.413+0000] {taskinstance.py:2865} INFO - Starting attempt 1 of 1
[2024-10-06T04:52:09.430+0000] {taskinstance.py:2888} INFO - Executing <Task(PythonOperator): print_hello> on 2024-10-06 03:00:00+00:00
[2024-10-06T04:52:09.441+0000] {warnings.py:112} WARNING - /home/***/.local/lib/python3.12/site-packages/***/task/task_runner/standard_task_runner.py:70: DeprecationWarning: This process (pid=581) is multi-threaded, use of fork() may lead to deadlocks in the child.
  pid = os.fork()

[2024-10-06T04:52:09.442+0000] {standard_task_runner.py:72} INFO - Started process 583 to run task
[2024-10-06T04:52:09.442+0000] {standard_task_runner.py:104} INFO - Running: ['***', 'tasks', 'run', 'multiple_tasks_dini', 'print_hello', 'scheduled__2024-10-06T03:00:00+00:00', '--job-id', '3', '--raw', '--subdir', 'DAGS_FOLDER/multiple_task.py', '--cfg-path', '/tmp/tmpcof8l7f4']
[2024-10-06T04:52:09.443+0000] {standard_task_runner.py:105} INFO - Job 3: Subtask print_hello
[2024-10-06T04:52:09.486+0000] {task_command.py:467} INFO - Running <TaskInstance: multiple_tasks_dini.print_hello scheduled__2024-10-06T03:00:00+00:00 [running]> on host 01b66ec99b5b
[2024-10-06T04:52:09.558+0000] {taskinstance.py:3131} INFO - Exporting env vars: AIRFLOW_CTX_DAG_OWNER='***' AIRFLOW_CTX_DAG_ID='multiple_tasks_dini' AIRFLOW_CTX_TASK_ID='print_hello' AIRFLOW_CTX_EXECUTION_DATE='2024-10-06T03:00:00+00:00' AIRFLOW_CTX_TRY_NUMBER='1' AIRFLOW_CTX_DAG_RUN_ID='scheduled__2024-10-06T03:00:00+00:00'
[2024-10-06T04:52:09.560+0000] {logging_mixin.py:190} INFO - Task instance is in running state
[2024-10-06T04:52:09.560+0000] {logging_mixin.py:190} INFO -  Previous state of the Task instance: queued
[2024-10-06T04:52:09.560+0000] {logging_mixin.py:190} INFO - Current task name:print_hello state:running start_date:2024-10-06 04:52:09.406442+00:00
[2024-10-06T04:52:09.560+0000] {logging_mixin.py:190} INFO - Dag name:multiple_tasks_dini and current dag run status:running
[2024-10-06T04:52:09.560+0000] {taskinstance.py:731} INFO - ::endgroup::
[2024-10-06T04:52:09.561+0000] {python.py:240} INFO - Done. Returned value was: Hello world!
[2024-10-06T04:52:09.583+0000] {taskinstance.py:340} INFO - ::group::Post task execution logs
[2024-10-06T04:52:09.584+0000] {taskinstance.py:352} INFO - Marking task as SUCCESS. dag_id=multiple_tasks_dini, task_id=print_hello, run_id=scheduled__2024-10-06T03:00:00+00:00, execution_date=20241006T030000, start_date=20241006T045209, end_date=20241006T045209
[2024-10-06T04:52:09.595+0000] {logging_mixin.py:190} INFO - Task instance in success state
[2024-10-06T04:52:09.595+0000] {logging_mixin.py:190} INFO -  Previous state of the Task instance: running
[2024-10-06T04:52:09.596+0000] {logging_mixin.py:190} INFO - Dag name:multiple_tasks_dini queued_at:2024-10-06 04:52:04.693819+00:00
[2024-10-06T04:52:09.596+0000] {logging_mixin.py:190} INFO - Task hostname:01b66ec99b5b operator:PythonOperator
[2024-10-06T04:52:09.617+0000] {local_task_job_runner.py:266} INFO - Task exited with return code 0
[2024-10-06T04:52:09.637+0000] {taskinstance.py:3900} INFO - 0 downstream tasks scheduled from follow-on schedule check
[2024-10-06T04:52:09.646+0000] {local_task_job_runner.py:245} INFO - ::endgroup::
